#
# There is insufficient memory for the Java Runtime Environment to continue.
# Native memory allocation (mmap) failed to map 130023424 bytes. Error detail: G1 virtual space
# Possible reasons:
#   The system is out of physical RAM or swap space
#   This process is running with CompressedOops enabled, and the Java Heap may be blocking the growth of the native heap
# Possible solutions:
#   Reduce memory load on the system
#   Increase physical memory or swap space
#   Check if swap backing store is full
#   Decrease Java heap size (-Xmx/-Xms)
#   Decrease number of Java threads
#   Decrease Java thread stack sizes (-Xss)
#   Set larger code cache with -XX:ReservedCodeCacheSize=
#   JVM is running with Unscaled Compressed Oops mode in which the Java heap is
#     placed in the first 4GB address space. The Java Heap base address is the
#     maximum limit for the native heap growth. Please use -XX:HeapBaseMinAddress
#     to set the Java Heap base and to place the Java Heap above 4GB virtual address.
# This output file may be truncated or incomplete.
#
#  Out of Memory Error (os_windows.cpp:3686), pid=20984, tid=11560
#
# JRE version:  (21.0.6+7) (build )
# Java VM: OpenJDK 64-Bit Server VM (21.0.6+7-LTS, mixed mode, sharing, tiered, compressed oops, compressed class ptrs, g1 gc, windows-amd64)
# No core dump will be written. Minidumps are not enabled by default on client versions of Windows
#

---------------  S U M M A R Y ------------

Command Line: -Dfile.encoding=UTF-8 -Dstdout.encoding=UTF-8 -Dstderr.encoding=UTF-8 -XX:+ShowCodeDetailsInExceptionMessages bank.management.system.Transaction

Host: 12th Gen Intel(R) Core(TM) i5-1235U, 12 cores, 7G,  Windows 11 , 64 bit Build 26100 (10.0.26100.3775)
Time: Wed Apr 23 01:59:32 2025 India Standard Time elapsed time: 0.019618 seconds (0d 0h 0m 0s)

---------------  T H R E A D  ---------------

Current thread (0x000002276daef330):  JavaThread "Unknown thread" [_thread_in_vm, id=11560, stack(0x000000dbfed00000,0x000000dbfee00000) (1024K)]

Stack: [0x000000dbfed00000,0x000000dbfee00000]
Native frames: (J=compiled Java code, j=interpreted, Vv=VM code, C=native code)
V  [jvm.dll+0x6cdee9]
V  [jvm.dll+0x8a83d1]
V  [jvm.dll+0x8aa8fe]
V  [jvm.dll+0x8aafe3]
V  [jvm.dll+0x27f706]
V  [jvm.dll+0x6ca755]
V  [jvm.dll+0x6bea3a]
V  [jvm.dll+0x355d6a]
V  [jvm.dll+0x35d936]
V  [jvm.dll+0x3af58e]
V  [jvm.dll+0x3af838]
V  [jvm.dll+0x329efc]
V  [jvm.dll+0x32aa5b]
V  [jvm.dll+0x871639]
V  [jvm.dll+0x3bc361]
V  [jvm.dll+0x85a763]
V  [jvm.dll+0x45066e]
V  [jvm.dll+0x4522b1]
C  [jli.dll+0x5278]
C  [ucrtbase.dll+0x37b0]
C  [KERNEL32.DLL+0x2e8d7]
C  [ntdll.dll+0xb14fc]


---------------  P R O C E S S  ---------------

Threads class SMR info:
_java_thread_list=0x00007fffe484a0c8, length=0, elements={
}

Java Threads: ( => current thread )
Total: 0

Other Threads:
  0x000002276db3d870 WorkerThread "GC Thread#0"                     [id=20656, stack(0x000000dbfee00000,0x000000dbfef00000) (1024K)]
  0x000002276db4e6a0 ConcurrentGCThread "G1 Main Marker"            [id=23684, stack(0x000000dbfef00000,0x000000dbff000000) (1024K)]
  0x000002276db4f1a0 WorkerThread "G1 Conc#0"                       [id=11464, stack(0x000000dbff000000,0x000000dbff100000) (1024K)]

[error occurred during error reporting (printing all threads), id 0xc0000005, EXCEPTION_ACCESS_VIOLATION (0xc0000005) at pc=0x00007fffe3f4c827]
VM state: not at safepoint (not fully initialized)

VM Mutex/Monitor currently owned by a thread:  ([mutex/lock_event])
[0x00007fffe48be480] Heap_lock - owner thread: 0x000002276daef330

Heap address: 0x0000000084e00000, size: 1970 MB, Compressed Oops mode: 32-bit

CDS archive(s) mapped at: [0x0000000000000000-0x0000000000000000-0x0000000000000000), size 0, SharedBaseAddress: 0x0000000800000000, ArchiveRelocationMode: 1.
Narrow klass base: 0x0000000000000000, Narrow klass shift: 0, Narrow klass range: 0x0

GC Precious Log:
 CardTable entry size: 512
 Card Set container configuration: InlinePtr #cards 5 size 8 Array Of Cards #cards 12 size 40 Howl #buckets 4 coarsen threshold 1843 Howl Bitmap #cards 512 size 80 coarsen threshold 460 Card regions per heap region 1 cards per card region 2048

Heap:
 garbage-first heap   total 0K, used 0K [0x0000000084e00000, 0x0000000100000000)
  region size 1024K, 0 young (0K), 0 survivors (0K)

[error occurred during error reporting (printing heap information), id 0xc0000005, EXCEPTION_ACCESS_VIOLATION (0xc0000005) at pc=0x00007fffe43379b9]
GC Heap History (0 events):
No events

Dll operation events (1 events):
Event: 0.011 Loaded shared library C:\Users\pauls\.p2\pool\plugins\org.eclipse.justj.openjdk.hotspot.jre.full.win32.x86_64_21.0.6.v20250130-0529\jre\bin\java.dll

Deoptimization events (0 events):
No events

Classes loaded (0 events):
No events

Classes unloaded (0 events):
No events

Classes redefined (0 events):
No events

Internal exceptions (0 events):
No events

ZGC Phase Switch (0 events):
No events

VM Operations (0 events):
No events

Memory protections (0 events):
No events

Nmethod flushes (0 events):
No events

Events (0 events):
No events


Dynamic libraries:
0x00007ff7f3a50000 - 0x00007ff7f3a5e000 	C:\Users\pauls\.p2\pool\plugins\org.eclipse.justj.openjdk.hotspot.jre.full.win32.x86_64_21.0.6.v20250130-0529\jre\bin\javaw.exe
0x00007ff832c00000 - 0x00007ff832e60000 	C:\WINDOWS\SYSTEM32\ntdll.dll
0x00007ff8324d0000 - 0x00007ff832597000 	C:\WINDOWS\System32\KERNEL32.DLL
0x00007ff830480000 - 0x00007ff83084a000 	C:\WINDOWS\System32\KERNELBASE.dll
0x00007ff830050000 - 0x00007ff83019b000 	C:\WINDOWS\System32\ucrtbase.dll
0x00007ff81ca20000 - 0x00007ff81ca38000 	C:\Users\pauls\.p2\pool\plugins\org.eclipse.justj.openjdk.hotspot.jre.full.win32.x86_64_21.0.6.v20250130-0529\jre\bin\jli.dll
0x00007ff81ca40000 - 0x00007ff81ca5e000 	C:\Users\pauls\.p2\pool\plugins\org.eclipse.justj.openjdk.hotspot.jre.full.win32.x86_64_21.0.6.v20250130-0529\jre\bin\VCRUNTIME140.dll
0x00007ff831c00000 - 0x00007ff831dcc000 	C:\WINDOWS\System32\USER32.dll
0x00007ff8309d0000 - 0x00007ff8309f7000 	C:\WINDOWS\System32\win32u.dll
0x00007ff813060000 - 0x00007ff8132f7000 	C:\WINDOWS\WinSxS\amd64_microsoft.windows.common-controls_6595b64144ccf1df_6.0.26100.3624_none_3e086962e3345f24\COMCTL32.dll
0x00007ff830f50000 - 0x00007ff830f7a000 	C:\WINDOWS\System32\GDI32.dll
0x00007ff8323c0000 - 0x00007ff832469000 	C:\WINDOWS\System32\msvcrt.dll
0x00007ff82fde0000 - 0x00007ff82ff11000 	C:\WINDOWS\System32\gdi32full.dll
0x00007ff830260000 - 0x00007ff830303000 	C:\WINDOWS\System32\msvcp_win.dll
0x00007ff832aa0000 - 0x00007ff832acf000 	C:\WINDOWS\System32\IMM32.DLL
0x00007ff81ca10000 - 0x00007ff81ca1c000 	C:\Users\pauls\.p2\pool\plugins\org.eclipse.justj.openjdk.hotspot.jre.full.win32.x86_64_21.0.6.v20250130-0529\jre\bin\vcruntime140_1.dll
0x00007ff8187a0000 - 0x00007ff81882d000 	C:\Users\pauls\.p2\pool\plugins\org.eclipse.justj.openjdk.hotspot.jre.full.win32.x86_64_21.0.6.v20250130-0529\jre\bin\msvcp140.dll
0x00007fffe3c10000 - 0x00007fffe49a0000 	C:\Users\pauls\.p2\pool\plugins\org.eclipse.justj.openjdk.hotspot.jre.full.win32.x86_64_21.0.6.v20250130-0529\jre\bin\server\jvm.dll
0x00007ff830a10000 - 0x00007ff830ac2000 	C:\WINDOWS\System32\ADVAPI32.dll
0x00007ff8325a0000 - 0x00007ff832646000 	C:\WINDOWS\System32\sechost.dll
0x00007ff831ac0000 - 0x00007ff831bd6000 	C:\WINDOWS\System32\RPCRT4.dll
0x00007ff832a20000 - 0x00007ff832a94000 	C:\WINDOWS\System32\WS2_32.dll
0x00007ff82fc30000 - 0x00007ff82fc8e000 	C:\WINDOWS\SYSTEM32\POWRPROF.dll
0x00007ff819970000 - 0x00007ff81997b000 	C:\WINDOWS\SYSTEM32\VERSION.dll
0x00007ff82c640000 - 0x00007ff82c676000 	C:\WINDOWS\SYSTEM32\WINMM.dll
0x00007ff82fc00000 - 0x00007ff82fc14000 	C:\WINDOWS\SYSTEM32\UMPDC.dll
0x00007ff82ebf0000 - 0x00007ff82ec0a000 	C:\WINDOWS\SYSTEM32\kernel.appcore.dll
0x00007ff82c440000 - 0x00007ff82c44a000 	C:\Users\pauls\.p2\pool\plugins\org.eclipse.justj.openjdk.hotspot.jre.full.win32.x86_64_21.0.6.v20250130-0529\jre\bin\jimage.dll
0x00007ff82d4b0000 - 0x00007ff82d6f1000 	C:\WINDOWS\SYSTEM32\DBGHELP.DLL
0x00007ff830bc0000 - 0x00007ff830f42000 	C:\WINDOWS\System32\combase.dll
0x00007ff832ae0000 - 0x00007ff832bb6000 	C:\WINDOWS\System32\OLEAUT32.dll
0x00007ff811c60000 - 0x00007ff811c99000 	C:\WINDOWS\SYSTEM32\dbgcore.DLL
0x00007ff82ff20000 - 0x00007ff82ffb9000 	C:\WINDOWS\System32\bcryptPrimitives.dll
0x00007ff82c420000 - 0x00007ff82c43f000 	C:\Users\pauls\.p2\pool\plugins\org.eclipse.justj.openjdk.hotspot.jre.full.win32.x86_64_21.0.6.v20250130-0529\jre\bin\java.dll

dbghelp: loaded successfully - version: 4.0.5 - missing functions: none
symbol engine: initialized successfully - sym options: 0x614 - pdb path: .;C:\Users\pauls\.p2\pool\plugins\org.eclipse.justj.openjdk.hotspot.jre.full.win32.x86_64_21.0.6.v20250130-0529\jre\bin;C:\WINDOWS\SYSTEM32;C:\WINDOWS\WinSxS\amd64_microsoft.windows.common-controls_6595b64144ccf1df_6.0.26100.3624_none_3e086962e3345f24;C:\Users\pauls\.p2\pool\plugins\org.eclipse.justj.openjdk.hotspot.jre.full.win32.x86_64_21.0.6.v20250130-0529\jre\bin\server

VM Arguments:
jvm_args: -Dfile.encoding=UTF-8 -Dstdout.encoding=UTF-8 -Dstderr.encoding=UTF-8 -XX:+ShowCodeDetailsInExceptionMessages 
java_command: bank.management.system.Transaction
java_class_path (initial): C:\Users\pauls\eclipse-workspace\BankManagementSystem\bin;C:\Users\pauls\Downloads\jcalendar-tz-1.3.3-4.jar\jcalendar-tz-1.3.3-4.jar;C:\Users\pauls\Downloads\mysql-connector-j-8.3.0.jar
Launcher Type: SUN_STANDARD

[Global flags]
     intx CICompilerCount                          = 4                                         {product} {ergonomic}
     uint ConcGCThreads                            = 3                                         {product} {ergonomic}
     uint G1ConcRefinementThreads                  = 10                                        {product} {ergonomic}
   size_t G1HeapRegionSize                         = 1048576                                   {product} {ergonomic}
    uintx GCDrainStackTargetSize                   = 64                                        {product} {ergonomic}
   size_t InitialHeapSize                          = 130023424                                 {product} {ergonomic}
   size_t MarkStackSize                            = 4194304                                   {product} {ergonomic}
   size_t MaxHeapSize                              = 2065694720                                {product} {ergonomic}
   size_t MinHeapDeltaBytes                        = 1048576                                   {product} {ergonomic}
   size_t MinHeapSize                              = 8388608                                   {product} {ergonomic}
    uintx NonNMethodCodeHeapSize                   = 5839372                                {pd product} {ergonomic}
    uintx NonProfiledCodeHeapSize                  = 122909434                              {pd product} {ergonomic}
    uintx ProfiledCodeHeapSize                     = 122909434                              {pd product} {ergonomic}
    uintx ReservedCodeCacheSize                    = 251658240                              {pd product} {ergonomic}
     bool SegmentedCodeCache                       = true                                      {product} {ergonomic}
     bool ShowCodeDetailsInExceptionMessages       = true                                   {manageable} {command line}
   size_t SoftMaxHeapSize                          = 2065694720                             {manageable} {ergonomic}
     bool UseCompressedOops                        = true                           {product lp64_product} {ergonomic}
     bool UseG1GC                                  = true                                      {product} {ergonomic}
     bool UseLargePagesIndividualAllocation        = false                                  {pd product} {ergonomic}

Logging:
Log output configuration:
 #0: stdout all=warning uptime,level,tags foldmultilines=false
 #1: stderr all=off uptime,level,tags foldmultilines=false

Environment Variables:
PATH=C:/Users/pauls/.p2/pool/plugins/org.eclipse.justj.openjdk.hotspot.jre.full.win32.x86_64_21.0.6.v20250130-0529/jre/bin/server;C:/Users/pauls/.p2/pool/plugins/org.eclipse.justj.openjdk.hotspot.jre.full.win32.x86_64_21.0.6.v20250130-0529/jre/bin;C:\Program Files\Common Files\Oracle\Java\javapath;C:\WINDOWS\system32;C:\WINDOWS;C:\WINDOWS\System32\Wbem;C:\WINDOWS\System32\WindowsPowerShell\v1.0\;C:\WINDOWS\System32\OpenSSH\;C:\Program Files\dotnet\;C:\Program Files\MySQL\MySQL Server 8.0\bin;C:\Program Files\Git\cmd;C:\Program Files\nodejs\;C:\ProgramData\chocolatey\bin;C:\jdk-23\bin;C:\Program Files\MySQL\MySQL Shell 8.0\bin\;C:\Users\pauls\AppData\Local\Programs\Python\Python312\Scripts\;C:\Users\pauls\AppData\Local\Programs\Python\Python312\;C:\Users\pauls\AppData\Local\Microsoft\WindowsApps;C:\Users\pauls\AppData\Local\Programs\Microsoft VS Code\bin;C:\Users\pauls\AppData\Roaming\npm;C:\jdk-17\bin;C:\jdk-23\bin;;C:\Users\pauls\Desktop;
USERNAME=pauls
OS=Windows_NT
PROCESSOR_IDENTIFIER=Intel64 Family 6 Model 154 Stepping 4, GenuineIntel
TMP=C:\Users\pauls\AppData\Local\Temp
TEMP=C:\Users\pauls\AppData\Local\Temp




Periodic native trim disabled

---------------  S Y S T E M  ---------------

OS:
 Windows 11 , 64 bit Build 26100 (10.0.26100.3775)
OS uptime: 0 days 14:08 hours
Hyper-V role detected

CPU: total 12 (initial active 12) (6 cores per cpu, 2 threads per core) family 6 model 154 stepping 4 microcode 0x435, cx8, cmov, fxsr, ht, mmx, 3dnowpref, sse, sse2, sse3, ssse3, sse4.1, sse4.2, popcnt, lzcnt, tsc, tscinvbit, avx, avx2, aes, erms, clmul, bmi1, bmi2, adx, sha, fma, vzeroupper, clflush, clflushopt, clwb, hv, serialize, rdtscp, rdpid, fsrm, f16c, cet_ibt, cet_ss
Processor Information for the first 12 processors :
  Max Mhz: 1300, Current Mhz: 1300, Mhz Limit: 1300

Memory: 4k page, system-wide physical 7876M (726M free)
TotalPageFile size 32424M (AvailPageFile size 92M)
current process WorkingSet (physical memory assigned to process): 12M, peak: 12M
current process commit charge ("private bytes"): 64M, peak: 188M

vm_info: OpenJDK 64-Bit Server VM (21.0.6+7-LTS) for windows-amd64 JRE (21.0.6+7-LTS), built on 2025-01-21T00:00:00Z by "admin" with MS VC++ 17.7 (VS2022)

END.
