#
# There is insufficient memory for the Java Runtime Environment to continue.
# Native memory allocation (malloc) failed to allocate 32744 bytes. Error detail: Chunk::new
# Possible reasons:
#   The system is out of physical RAM or swap space
#   This process is running with CompressedOops enabled, and the Java Heap may be blocking the growth of the native heap
# Possible solutions:
#   Reduce memory load on the system
#   Increase physical memory or swap space
#   Check if swap backing store is full
#   Decrease Java heap size (-Xmx/-Xms)
#   Decrease number of Java threads
#   Decrease Java thread stack sizes (-Xss)
#   Set larger code cache with -XX:ReservedCodeCacheSize=
#   JVM is running with Unscaled Compressed Oops mode in which the Java heap is
#     placed in the first 4GB address space. The Java Heap base address is the
#     maximum limit for the native heap growth. Please use -XX:HeapBaseMinAddress
#     to set the Java Heap base and to place the Java Heap above 4GB virtual address.
# This output file may be truncated or incomplete.
#
#  Out of Memory Error (arena.cpp:168), pid=30148, tid=30352
#
# JRE version: OpenJDK Runtime Environment Temurin-21.0.6+7 (21.0.6+7) (build 21.0.6+7-LTS)
# Java VM: OpenJDK 64-Bit Server VM Temurin-21.0.6+7 (21.0.6+7-LTS, mixed mode, sharing, tiered, compressed oops, compressed class ptrs, g1 gc, windows-amd64)
# No core dump will be written. Minidumps are not enabled by default on client versions of Windows
#

---------------  S U M M A R Y ------------

Command Line: -Dfile.encoding=UTF-8 -Dstdout.encoding=UTF-8 -Dstderr.encoding=UTF-8 -XX:+ShowCodeDetailsInExceptionMessages bank.management.system.Transaction

Host: 12th Gen Intel(R) Core(TM) i5-1235U, 12 cores, 7G,  Windows 11 , 64 bit Build 26100 (10.0.26100.3775)
Time: Wed Apr 23 01:59:47 2025 India Standard Time elapsed time: 10.032064 seconds (0d 0h 0m 10s)

---------------  T H R E A D  ---------------

Current thread (0x0000025fd0f70bf0):  JavaThread "C1 CompilerThread0" daemon [_thread_in_native, id=30352, stack(0x0000008f6a500000,0x0000008f6a600000) (1024K)]


Current CompileTask:
C1:10032  497 %     3       java.util.Properties$LineReader::readLine @ 224 (584 bytes)

Stack: [0x0000008f6a500000,0x0000008f6a600000]
Native frames: (J=compiled Java code, j=interpreted, Vv=VM code, C=native code)
V  [jvm.dll+0x6cdee9]
V  [jvm.dll+0x8a83d1]
V  [jvm.dll+0x8aa8fe]
V  [jvm.dll+0x8aafe3]
V  [jvm.dll+0x27f706]
V  [jvm.dll+0xc500d]
V  [jvm.dll+0xc5543]
V  [jvm.dll+0x13320d]
V  [jvm.dll+0x189c92]
V  [jvm.dll+0x17f3e3]
V  [jvm.dll+0x17c7fe]
V  [jvm.dll+0x16a970]
V  [jvm.dll+0x153757]
V  [jvm.dll+0x153028]
V  [jvm.dll+0x153274]
V  [jvm.dll+0x1526a6]
V  [jvm.dll+0x15447d]
V  [jvm.dll+0x25685a]
V  [jvm.dll+0x254dfa]
V  [jvm.dll+0x3f0256]
V  [jvm.dll+0x851f8b]
V  [jvm.dll+0x6cc5ed]
C  [ucrtbase.dll+0x37b0]
C  [KERNEL32.DLL+0x2e8d7]
C  [ntdll.dll+0xb14fc]


---------------  P R O C E S S  ---------------

Threads class SMR info:
_java_thread_list=0x000002601619c410, length=14, elements={
0x0000025fb6ad39e0, 0x0000025fd0f51730, 0x0000025fd0f54190, 0x0000025fd0f5ae60,
0x0000025fd0f5ede0, 0x0000025fd0f5f470, 0x0000025fd0f5c680, 0x0000025fd0f6f540,
0x0000025fd0f70bf0, 0x0000025fd0f5e750, 0x0000025fd0f5da30, 0x0000025fd0f5e0c0,
0x0000025fd0f5cd10, 0x0000025fd0f5bff0
}

Java Threads: ( => current thread )
  0x0000025fb6ad39e0 JavaThread "main"                              [_thread_blocked, id=14084, stack(0x0000008f69600000,0x0000008f69700000) (1024K)]
  0x0000025fd0f51730 JavaThread "Reference Handler"          daemon [_thread_blocked, id=29896, stack(0x0000008f69e00000,0x0000008f69f00000) (1024K)]
  0x0000025fd0f54190 JavaThread "Finalizer"                  daemon [_thread_blocked, id=16368, stack(0x0000008f69f00000,0x0000008f6a000000) (1024K)]
  0x0000025fd0f5ae60 JavaThread "Signal Dispatcher"          daemon [_thread_blocked, id=29804, stack(0x0000008f6a000000,0x0000008f6a100000) (1024K)]
  0x0000025fd0f5ede0 JavaThread "Attach Listener"            daemon [_thread_blocked, id=27592, stack(0x0000008f6a100000,0x0000008f6a200000) (1024K)]
  0x0000025fd0f5f470 JavaThread "Service Thread"             daemon [_thread_blocked, id=22888, stack(0x0000008f6a200000,0x0000008f6a300000) (1024K)]
  0x0000025fd0f5c680 JavaThread "Monitor Deflation Thread"   daemon [_thread_blocked, id=23460, stack(0x0000008f6a300000,0x0000008f6a400000) (1024K)]
  0x0000025fd0f6f540 JavaThread "C2 CompilerThread0"         daemon [_thread_blocked, id=23988, stack(0x0000008f6a400000,0x0000008f6a500000) (1024K)]
=>0x0000025fd0f70bf0 JavaThread "C1 CompilerThread0"         daemon [_thread_in_native, id=30352, stack(0x0000008f6a500000,0x0000008f6a600000) (1024K)]
  0x0000025fd0f5e750 JavaThread "Notification Thread"        daemon [_thread_blocked, id=11124, stack(0x0000008f6a600000,0x0000008f6a700000) (1024K)]
  0x0000025fd0f5da30 JavaThread "Common-Cleaner"             daemon [_thread_blocked, id=11576, stack(0x0000008f6a700000,0x0000008f6a800000) (1024K)]
  0x0000025fd0f5e0c0 JavaThread "Java2D Disposer"            daemon [_thread_blocked, id=24336, stack(0x0000008f6a800000,0x0000008f6a900000) (1024K)]
  0x0000025fd0f5cd10 JavaThread "AWT-Windows"                daemon [_thread_in_native, id=12108, stack(0x0000008f6aa00000,0x0000008f6ab00000) (1024K)]
  0x0000025fd0f5bff0 JavaThread "Image Fetcher 0"            daemon [_thread_in_Java, id=19108, stack(0x0000008f6a900000,0x0000008f6aa00000) (1024K)]
Total: 14

Other Threads:
  0x0000025fd0f300e0 VMThread "VM Thread"                           [id=19608, stack(0x0000008f69d00000,0x0000008f69e00000) (1024K)]
  0x0000025fd0f18920 WatcherThread "VM Periodic Task Thread"        [id=21280, stack(0x0000008f69c00000,0x0000008f69d00000) (1024K)]
  0x0000025fb8dbeba0 WorkerThread "GC Thread#0"                     [id=25920, stack(0x0000008f69700000,0x0000008f69800000) (1024K)]
  0x0000025fb8dcf1c0 ConcurrentGCThread "G1 Main Marker"            [id=4624, stack(0x0000008f69800000,0x0000008f69900000) (1024K)]
  0x0000025fb8dd0b40 WorkerThread "G1 Conc#0"                       [id=23172, stack(0x0000008f69900000,0x0000008f69a00000) (1024K)]
  0x0000025fb8e2eb40 ConcurrentGCThread "G1 Refine#0"               [id=30216, stack(0x0000008f69a00000,0x0000008f69b00000) (1024K)]
  0x0000025fd0dea870 ConcurrentGCThread "G1 Service"                [id=29884, stack(0x0000008f69b00000,0x0000008f69c00000) (1024K)]
Total: 7

Threads with active compile tasks:
C1 CompilerThread0  12086  497 %     3       java.util.Properties$LineReader::readLine @ 224 (584 bytes)
Total: 1

VM state: not at safepoint (normal execution)

VM Mutex/Monitor currently owned by a thread: None

Heap address: 0x0000000084e00000, size: 1970 MB, Compressed Oops mode: 32-bit

CDS archive(s) mapped at: [0x0000025fd1000000-0x0000025fd1c80000-0x0000025fd1c80000), size 13107200, SharedBaseAddress: 0x0000025fd1000000, ArchiveRelocationMode: 1.
Compressed class space mapped at: 0x0000025fd2000000-0x0000026012000000, reserved size: 1073741824
Narrow klass base: 0x0000025fd1000000, Narrow klass shift: 0, Narrow klass range: 0x100000000

GC Precious Log:
 CardTable entry size: 512
 Card Set container configuration: InlinePtr #cards 5 size 8 Array Of Cards #cards 12 size 40 Howl #buckets 4 coarsen threshold 1843 Howl Bitmap #cards 512 size 80 coarsen threshold 460 Card regions per heap region 1 cards per card region 2048
 CPUs: 12 total, 12 available
 Memory: 7876M
 Large Page Support: Disabled
 NUMA Support: Disabled
 Compressed Oops: Enabled (32-bit)
 Heap Region Size: 1M
 Heap Min Capacity: 8M
 Heap Initial Capacity: 124M
 Heap Max Capacity: 1970M
 Pre-touch: Disabled
 Parallel Workers: 10
 Concurrent Workers: 3
 Concurrent Refinement Workers: 10
 Periodic GC: Disabled

Heap:
 garbage-first heap   total 126976K, used 6144K [0x0000000084e00000, 0x0000000100000000)
  region size 1024K, 7 young (7168K), 0 survivors (0K)
 Metaspace       used 4498K, committed 4672K, reserved 1114112K
  class space    used 473K, committed 576K, reserved 1048576K

Heap Regions: E=young(eden), S=young(survivor), O=old, HS=humongous(starts), HC=humongous(continues), CS=collection set, F=free, TAMS=top-at-mark-start, PB=parsable bottom
|   0|0x0000000084e00000, 0x0000000084e00000, 0x0000000084f00000|  0%| F|  |TAMS 0x0000000084e00000| PB 0x0000000084e00000| Untracked 
|   1|0x0000000084f00000, 0x0000000084f00000, 0x0000000085000000|  0%| F|  |TAMS 0x0000000084f00000| PB 0x0000000084f00000| Untracked 
|   2|0x0000000085000000, 0x0000000085000000, 0x0000000085100000|  0%| F|  |TAMS 0x0000000085000000| PB 0x0000000085000000| Untracked 
|   3|0x0000000085100000, 0x0000000085100000, 0x0000000085200000|  0%| F|  |TAMS 0x0000000085100000| PB 0x0000000085100000| Untracked 
|   4|0x0000000085200000, 0x0000000085200000, 0x0000000085300000|  0%| F|  |TAMS 0x0000000085200000| PB 0x0000000085200000| Untracked 
|   5|0x0000000085300000, 0x0000000085300000, 0x0000000085400000|  0%| F|  |TAMS 0x0000000085300000| PB 0x0000000085300000| Untracked 
|   6|0x0000000085400000, 0x0000000085400000, 0x0000000085500000|  0%| F|  |TAMS 0x0000000085400000| PB 0x0000000085400000| Untracked 
|   7|0x0000000085500000, 0x0000000085500000, 0x0000000085600000|  0%| F|  |TAMS 0x0000000085500000| PB 0x0000000085500000| Untracked 
|   8|0x0000000085600000, 0x0000000085600000, 0x0000000085700000|  0%| F|  |TAMS 0x0000000085600000| PB 0x0000000085600000| Untracked 
|   9|0x0000000085700000, 0x0000000085700000, 0x0000000085800000|  0%| F|  |TAMS 0x0000000085700000| PB 0x0000000085700000| Untracked 
|  10|0x0000000085800000, 0x0000000085800000, 0x0000000085900000|  0%| F|  |TAMS 0x0000000085800000| PB 0x0000000085800000| Untracked 
|  11|0x0000000085900000, 0x0000000085900000, 0x0000000085a00000|  0%| F|  |TAMS 0x0000000085900000| PB 0x0000000085900000| Untracked 
|  12|0x0000000085a00000, 0x0000000085a00000, 0x0000000085b00000|  0%| F|  |TAMS 0x0000000085a00000| PB 0x0000000085a00000| Untracked 
|  13|0x0000000085b00000, 0x0000000085b00000, 0x0000000085c00000|  0%| F|  |TAMS 0x0000000085b00000| PB 0x0000000085b00000| Untracked 
|  14|0x0000000085c00000, 0x0000000085c00000, 0x0000000085d00000|  0%| F|  |TAMS 0x0000000085c00000| PB 0x0000000085c00000| Untracked 
|  15|0x0000000085d00000, 0x0000000085d00000, 0x0000000085e00000|  0%| F|  |TAMS 0x0000000085d00000| PB 0x0000000085d00000| Untracked 
|  16|0x0000000085e00000, 0x0000000085e00000, 0x0000000085f00000|  0%| F|  |TAMS 0x0000000085e00000| PB 0x0000000085e00000| Untracked 
|  17|0x0000000085f00000, 0x0000000085f00000, 0x0000000086000000|  0%| F|  |TAMS 0x0000000085f00000| PB 0x0000000085f00000| Untracked 
|  18|0x0000000086000000, 0x0000000086000000, 0x0000000086100000|  0%| F|  |TAMS 0x0000000086000000| PB 0x0000000086000000| Untracked 
|  19|0x0000000086100000, 0x0000000086100000, 0x0000000086200000|  0%| F|  |TAMS 0x0000000086100000| PB 0x0000000086100000| Untracked 
|  20|0x0000000086200000, 0x0000000086200000, 0x0000000086300000|  0%| F|  |TAMS 0x0000000086200000| PB 0x0000000086200000| Untracked 
|  21|0x0000000086300000, 0x0000000086300000, 0x0000000086400000|  0%| F|  |TAMS 0x0000000086300000| PB 0x0000000086300000| Untracked 
|  22|0x0000000086400000, 0x0000000086400000, 0x0000000086500000|  0%| F|  |TAMS 0x0000000086400000| PB 0x0000000086400000| Untracked 
|  23|0x0000000086500000, 0x0000000086500000, 0x0000000086600000|  0%| F|  |TAMS 0x0000000086500000| PB 0x0000000086500000| Untracked 
|  24|0x0000000086600000, 0x0000000086600000, 0x0000000086700000|  0%| F|  |TAMS 0x0000000086600000| PB 0x0000000086600000| Untracked 
|  25|0x0000000086700000, 0x0000000086700000, 0x0000000086800000|  0%| F|  |TAMS 0x0000000086700000| PB 0x0000000086700000| Untracked 
|  26|0x0000000086800000, 0x0000000086800000, 0x0000000086900000|  0%| F|  |TAMS 0x0000000086800000| PB 0x0000000086800000| Untracked 
|  27|0x0000000086900000, 0x0000000086900000, 0x0000000086a00000|  0%| F|  |TAMS 0x0000000086900000| PB 0x0000000086900000| Untracked 
|  28|0x0000000086a00000, 0x0000000086a00000, 0x0000000086b00000|  0%| F|  |TAMS 0x0000000086a00000| PB 0x0000000086a00000| Untracked 
|  29|0x0000000086b00000, 0x0000000086b00000, 0x0000000086c00000|  0%| F|  |TAMS 0x0000000086b00000| PB 0x0000000086b00000| Untracked 
|  30|0x0000000086c00000, 0x0000000086c00000, 0x0000000086d00000|  0%| F|  |TAMS 0x0000000086c00000| PB 0x0000000086c00000| Untracked 
|  31|0x0000000086d00000, 0x0000000086d00000, 0x0000000086e00000|  0%| F|  |TAMS 0x0000000086d00000| PB 0x0000000086d00000| Untracked 
|  32|0x0000000086e00000, 0x0000000086e00000, 0x0000000086f00000|  0%| F|  |TAMS 0x0000000086e00000| PB 0x0000000086e00000| Untracked 
|  33|0x0000000086f00000, 0x0000000086f00000, 0x0000000087000000|  0%| F|  |TAMS 0x0000000086f00000| PB 0x0000000086f00000| Untracked 
|  34|0x0000000087000000, 0x0000000087000000, 0x0000000087100000|  0%| F|  |TAMS 0x0000000087000000| PB 0x0000000087000000| Untracked 
|  35|0x0000000087100000, 0x0000000087100000, 0x0000000087200000|  0%| F|  |TAMS 0x0000000087100000| PB 0x0000000087100000| Untracked 
|  36|0x0000000087200000, 0x0000000087200000, 0x0000000087300000|  0%| F|  |TAMS 0x0000000087200000| PB 0x0000000087200000| Untracked 
|  37|0x0000000087300000, 0x0000000087300000, 0x0000000087400000|  0%| F|  |TAMS 0x0000000087300000| PB 0x0000000087300000| Untracked 
|  38|0x0000000087400000, 0x0000000087400000, 0x0000000087500000|  0%| F|  |TAMS 0x0000000087400000| PB 0x0000000087400000| Untracked 
|  39|0x0000000087500000, 0x0000000087500000, 0x0000000087600000|  0%| F|  |TAMS 0x0000000087500000| PB 0x0000000087500000| Untracked 
|  40|0x0000000087600000, 0x0000000087600000, 0x0000000087700000|  0%| F|  |TAMS 0x0000000087600000| PB 0x0000000087600000| Untracked 
|  41|0x0000000087700000, 0x0000000087700000, 0x0000000087800000|  0%| F|  |TAMS 0x0000000087700000| PB 0x0000000087700000| Untracked 
|  42|0x0000000087800000, 0x0000000087800000, 0x0000000087900000|  0%| F|  |TAMS 0x0000000087800000| PB 0x0000000087800000| Untracked 
|  43|0x0000000087900000, 0x0000000087900000, 0x0000000087a00000|  0%| F|  |TAMS 0x0000000087900000| PB 0x0000000087900000| Untracked 
|  44|0x0000000087a00000, 0x0000000087a00000, 0x0000000087b00000|  0%| F|  |TAMS 0x0000000087a00000| PB 0x0000000087a00000| Untracked 
|  45|0x0000000087b00000, 0x0000000087b00000, 0x0000000087c00000|  0%| F|  |TAMS 0x0000000087b00000| PB 0x0000000087b00000| Untracked 
|  46|0x0000000087c00000, 0x0000000087c00000, 0x0000000087d00000|  0%| F|  |TAMS 0x0000000087c00000| PB 0x0000000087c00000| Untracked 
|  47|0x0000000087d00000, 0x0000000087d00000, 0x0000000087e00000|  0%| F|  |TAMS 0x0000000087d00000| PB 0x0000000087d00000| Untracked 
|  48|0x0000000087e00000, 0x0000000087e00000, 0x0000000087f00000|  0%| F|  |TAMS 0x0000000087e00000| PB 0x0000000087e00000| Untracked 
|  49|0x0000000087f00000, 0x0000000087f00000, 0x0000000088000000|  0%| F|  |TAMS 0x0000000087f00000| PB 0x0000000087f00000| Untracked 
|  50|0x0000000088000000, 0x0000000088000000, 0x0000000088100000|  0%| F|  |TAMS 0x0000000088000000| PB 0x0000000088000000| Untracked 
|  51|0x0000000088100000, 0x0000000088100000, 0x0000000088200000|  0%| F|  |TAMS 0x0000000088100000| PB 0x0000000088100000| Untracked 
|  52|0x0000000088200000, 0x0000000088200000, 0x0000000088300000|  0%| F|  |TAMS 0x0000000088200000| PB 0x0000000088200000| Untracked 
|  53|0x0000000088300000, 0x0000000088300000, 0x0000000088400000|  0%| F|  |TAMS 0x0000000088300000| PB 0x0000000088300000| Untracked 
|  54|0x0000000088400000, 0x0000000088400000, 0x0000000088500000|  0%| F|  |TAMS 0x0000000088400000| PB 0x0000000088400000| Untracked 
|  55|0x0000000088500000, 0x0000000088500000, 0x0000000088600000|  0%| F|  |TAMS 0x0000000088500000| PB 0x0000000088500000| Untracked 
|  56|0x0000000088600000, 0x0000000088600000, 0x0000000088700000|  0%| F|  |TAMS 0x0000000088600000| PB 0x0000000088600000| Untracked 
|  57|0x0000000088700000, 0x0000000088700000, 0x0000000088800000|  0%| F|  |TAMS 0x0000000088700000| PB 0x0000000088700000| Untracked 
|  58|0x0000000088800000, 0x0000000088800000, 0x0000000088900000|  0%| F|  |TAMS 0x0000000088800000| PB 0x0000000088800000| Untracked 
|  59|0x0000000088900000, 0x0000000088900000, 0x0000000088a00000|  0%| F|  |TAMS 0x0000000088900000| PB 0x0000000088900000| Untracked 
|  60|0x0000000088a00000, 0x0000000088a00000, 0x0000000088b00000|  0%| F|  |TAMS 0x0000000088a00000| PB 0x0000000088a00000| Untracked 
|  61|0x0000000088b00000, 0x0000000088b00000, 0x0000000088c00000|  0%| F|  |TAMS 0x0000000088b00000| PB 0x0000000088b00000| Untracked 
|  62|0x0000000088c00000, 0x0000000088c00000, 0x0000000088d00000|  0%| F|  |TAMS 0x0000000088c00000| PB 0x0000000088c00000| Untracked 
|  63|0x0000000088d00000, 0x0000000088d00000, 0x0000000088e00000|  0%| F|  |TAMS 0x0000000088d00000| PB 0x0000000088d00000| Untracked 
|  64|0x0000000088e00000, 0x0000000088e00000, 0x0000000088f00000|  0%| F|  |TAMS 0x0000000088e00000| PB 0x0000000088e00000| Untracked 
|  65|0x0000000088f00000, 0x0000000088f00000, 0x0000000089000000|  0%| F|  |TAMS 0x0000000088f00000| PB 0x0000000088f00000| Untracked 
|  66|0x0000000089000000, 0x0000000089000000, 0x0000000089100000|  0%| F|  |TAMS 0x0000000089000000| PB 0x0000000089000000| Untracked 
|  67|0x0000000089100000, 0x0000000089100000, 0x0000000089200000|  0%| F|  |TAMS 0x0000000089100000| PB 0x0000000089100000| Untracked 
|  68|0x0000000089200000, 0x0000000089200000, 0x0000000089300000|  0%| F|  |TAMS 0x0000000089200000| PB 0x0000000089200000| Untracked 
|  69|0x0000000089300000, 0x0000000089300000, 0x0000000089400000|  0%| F|  |TAMS 0x0000000089300000| PB 0x0000000089300000| Untracked 
|  70|0x0000000089400000, 0x0000000089400000, 0x0000000089500000|  0%| F|  |TAMS 0x0000000089400000| PB 0x0000000089400000| Untracked 
|  71|0x0000000089500000, 0x0000000089500000, 0x0000000089600000|  0%| F|  |TAMS 0x0000000089500000| PB 0x0000000089500000| Untracked 
|  72|0x0000000089600000, 0x0000000089600000, 0x0000000089700000|  0%| F|  |TAMS 0x0000000089600000| PB 0x0000000089600000| Untracked 
|  73|0x0000000089700000, 0x0000000089700000, 0x0000000089800000|  0%| F|  |TAMS 0x0000000089700000| PB 0x0000000089700000| Untracked 
|  74|0x0000000089800000, 0x0000000089800000, 0x0000000089900000|  0%| F|  |TAMS 0x0000000089800000| PB 0x0000000089800000| Untracked 
|  75|0x0000000089900000, 0x0000000089900000, 0x0000000089a00000|  0%| F|  |TAMS 0x0000000089900000| PB 0x0000000089900000| Untracked 
|  76|0x0000000089a00000, 0x0000000089a00000, 0x0000000089b00000|  0%| F|  |TAMS 0x0000000089a00000| PB 0x0000000089a00000| Untracked 
|  77|0x0000000089b00000, 0x0000000089b00000, 0x0000000089c00000|  0%| F|  |TAMS 0x0000000089b00000| PB 0x0000000089b00000| Untracked 
|  78|0x0000000089c00000, 0x0000000089c00000, 0x0000000089d00000|  0%| F|  |TAMS 0x0000000089c00000| PB 0x0000000089c00000| Untracked 
|  79|0x0000000089d00000, 0x0000000089d00000, 0x0000000089e00000|  0%| F|  |TAMS 0x0000000089d00000| PB 0x0000000089d00000| Untracked 
|  80|0x0000000089e00000, 0x0000000089e00000, 0x0000000089f00000|  0%| F|  |TAMS 0x0000000089e00000| PB 0x0000000089e00000| Untracked 
|  81|0x0000000089f00000, 0x0000000089f00000, 0x000000008a000000|  0%| F|  |TAMS 0x0000000089f00000| PB 0x0000000089f00000| Untracked 
|  82|0x000000008a000000, 0x000000008a000000, 0x000000008a100000|  0%| F|  |TAMS 0x000000008a000000| PB 0x000000008a000000| Untracked 
|  83|0x000000008a100000, 0x000000008a100000, 0x000000008a200000|  0%| F|  |TAMS 0x000000008a100000| PB 0x000000008a100000| Untracked 
|  84|0x000000008a200000, 0x000000008a200000, 0x000000008a300000|  0%| F|  |TAMS 0x000000008a200000| PB 0x000000008a200000| Untracked 
|  85|0x000000008a300000, 0x000000008a300000, 0x000000008a400000|  0%| F|  |TAMS 0x000000008a300000| PB 0x000000008a300000| Untracked 
|  86|0x000000008a400000, 0x000000008a400000, 0x000000008a500000|  0%| F|  |TAMS 0x000000008a400000| PB 0x000000008a400000| Untracked 
|  87|0x000000008a500000, 0x000000008a500000, 0x000000008a600000|  0%| F|  |TAMS 0x000000008a500000| PB 0x000000008a500000| Untracked 
|  88|0x000000008a600000, 0x000000008a600000, 0x000000008a700000|  0%| F|  |TAMS 0x000000008a600000| PB 0x000000008a600000| Untracked 
|  89|0x000000008a700000, 0x000000008a700000, 0x000000008a800000|  0%| F|  |TAMS 0x000000008a700000| PB 0x000000008a700000| Untracked 
|  90|0x000000008a800000, 0x000000008a800000, 0x000000008a900000|  0%| F|  |TAMS 0x000000008a800000| PB 0x000000008a800000| Untracked 
|  91|0x000000008a900000, 0x000000008a900000, 0x000000008aa00000|  0%| F|  |TAMS 0x000000008a900000| PB 0x000000008a900000| Untracked 
|  92|0x000000008aa00000, 0x000000008aa00000, 0x000000008ab00000|  0%| F|  |TAMS 0x000000008aa00000| PB 0x000000008aa00000| Untracked 
|  93|0x000000008ab00000, 0x000000008ab00000, 0x000000008ac00000|  0%| F|  |TAMS 0x000000008ab00000| PB 0x000000008ab00000| Untracked 
|  94|0x000000008ac00000, 0x000000008ac00000, 0x000000008ad00000|  0%| F|  |TAMS 0x000000008ac00000| PB 0x000000008ac00000| Untracked 
|  95|0x000000008ad00000, 0x000000008ad00000, 0x000000008ae00000|  0%| F|  |TAMS 0x000000008ad00000| PB 0x000000008ad00000| Untracked 
|  96|0x000000008ae00000, 0x000000008ae00000, 0x000000008af00000|  0%| F|  |TAMS 0x000000008ae00000| PB 0x000000008ae00000| Untracked 
|  97|0x000000008af00000, 0x000000008af00000, 0x000000008b000000|  0%| F|  |TAMS 0x000000008af00000| PB 0x000000008af00000| Untracked 
|  98|0x000000008b000000, 0x000000008b000000, 0x000000008b100000|  0%| F|  |TAMS 0x000000008b000000| PB 0x000000008b000000| Untracked 
|  99|0x000000008b100000, 0x000000008b100000, 0x000000008b200000|  0%| F|  |TAMS 0x000000008b100000| PB 0x000000008b100000| Untracked 
| 100|0x000000008b200000, 0x000000008b200000, 0x000000008b300000|  0%| F|  |TAMS 0x000000008b200000| PB 0x000000008b200000| Untracked 
| 101|0x000000008b300000, 0x000000008b300000, 0x000000008b400000|  0%| F|  |TAMS 0x000000008b300000| PB 0x000000008b300000| Untracked 
| 102|0x000000008b400000, 0x000000008b400000, 0x000000008b500000|  0%| F|  |TAMS 0x000000008b400000| PB 0x000000008b400000| Untracked 
| 103|0x000000008b500000, 0x000000008b500000, 0x000000008b600000|  0%| F|  |TAMS 0x000000008b500000| PB 0x000000008b500000| Untracked 
| 104|0x000000008b600000, 0x000000008b600000, 0x000000008b700000|  0%| F|  |TAMS 0x000000008b600000| PB 0x000000008b600000| Untracked 
| 105|0x000000008b700000, 0x000000008b700000, 0x000000008b800000|  0%| F|  |TAMS 0x000000008b700000| PB 0x000000008b700000| Untracked 
| 106|0x000000008b800000, 0x000000008b800000, 0x000000008b900000|  0%| F|  |TAMS 0x000000008b800000| PB 0x000000008b800000| Untracked 
| 107|0x000000008b900000, 0x000000008b900000, 0x000000008ba00000|  0%| F|  |TAMS 0x000000008b900000| PB 0x000000008b900000| Untracked 
| 108|0x000000008ba00000, 0x000000008ba00000, 0x000000008bb00000|  0%| F|  |TAMS 0x000000008ba00000| PB 0x000000008ba00000| Untracked 
| 109|0x000000008bb00000, 0x000000008bb00000, 0x000000008bc00000|  0%| F|  |TAMS 0x000000008bb00000| PB 0x000000008bb00000| Untracked 
| 110|0x000000008bc00000, 0x000000008bc00000, 0x000000008bd00000|  0%| F|  |TAMS 0x000000008bc00000| PB 0x000000008bc00000| Untracked 
| 111|0x000000008bd00000, 0x000000008bd00000, 0x000000008be00000|  0%| F|  |TAMS 0x000000008bd00000| PB 0x000000008bd00000| Untracked 
| 112|0x000000008be00000, 0x000000008be00000, 0x000000008bf00000|  0%| F|  |TAMS 0x000000008be00000| PB 0x000000008be00000| Untracked 
| 113|0x000000008bf00000, 0x000000008bf00000, 0x000000008c000000|  0%| F|  |TAMS 0x000000008bf00000| PB 0x000000008bf00000| Untracked 
| 114|0x000000008c000000, 0x000000008c000000, 0x000000008c100000|  0%| F|  |TAMS 0x000000008c000000| PB 0x000000008c000000| Untracked 
| 115|0x000000008c100000, 0x000000008c100000, 0x000000008c200000|  0%| F|  |TAMS 0x000000008c100000| PB 0x000000008c100000| Untracked 
| 116|0x000000008c200000, 0x000000008c200000, 0x000000008c300000|  0%| F|  |TAMS 0x000000008c200000| PB 0x000000008c200000| Untracked 
| 117|0x000000008c300000, 0x000000008c3ecc78, 0x000000008c400000| 92%| E|  |TAMS 0x000000008c300000| PB 0x000000008c300000| Complete 
| 118|0x000000008c400000, 0x000000008c500000, 0x000000008c500000|100%| E|CS|TAMS 0x000000008c400000| PB 0x000000008c400000| Complete 
| 119|0x000000008c500000, 0x000000008c600000, 0x000000008c600000|100%| E|CS|TAMS 0x000000008c500000| PB 0x000000008c500000| Complete 
| 120|0x000000008c600000, 0x000000008c700000, 0x000000008c700000|100%| E|CS|TAMS 0x000000008c600000| PB 0x000000008c600000| Complete 
| 121|0x000000008c700000, 0x000000008c800000, 0x000000008c800000|100%| E|CS|TAMS 0x000000008c700000| PB 0x000000008c700000| Complete 
| 122|0x000000008c800000, 0x000000008c900000, 0x000000008c900000|100%| E|CS|TAMS 0x000000008c800000| PB 0x000000008c800000| Complete 
| 123|0x000000008c900000, 0x000000008ca00000, 0x000000008ca00000|100%| E|CS|TAMS 0x000000008c900000| PB 0x000000008c900000| Complete 

Card table byte_map: [0x0000025fcc040000,0x0000025fcc420000] _byte_map_base: 0x0000025fcbc19000

Marking Bits: (CMBitMap*) 0x0000025fb8dbf2a0
 Bits: [0x0000025fcc420000, 0x0000025fce2e8000)

Polling page: 0x0000025fb83e0000

Metaspace:

Usage:
  Non-class:      3.94 MB used.
      Class:    473.15 KB used.
       Both:      4.40 MB used.

Virtual space:
  Non-class space:       64.00 MB reserved,       4.00 MB (  6%) committed,  1 nodes.
      Class space:        1.00 GB reserved,     576.00 KB ( <1%) committed,  1 nodes.
             Both:        1.06 GB reserved,       4.56 MB ( <1%) committed. 

Chunk freelists:
   Non-Class:  11.89 MB
       Class:  15.50 MB
        Both:  27.39 MB

MaxMetaspaceSize: unlimited
CompressedClassSpaceSize: 1.00 GB
Initial GC threshold: 21.00 MB
Current GC threshold: 21.00 MB
CDS: on
 - commit_granule_bytes: 65536.
 - commit_granule_words: 8192.
 - virtual_space_node_default_size: 8388608.
 - enlarge_chunks_in_place: 1.
 - use_allocation_guard: 0.


Internal statistics:

num_allocs_failed_limit: 0.
num_arena_births: 116.
num_arena_deaths: 0.
num_vsnodes_births: 2.
num_vsnodes_deaths: 0.
num_space_committed: 73.
num_space_uncommitted: 0.
num_chunks_returned_to_freelist: 0.
num_chunks_taken_from_freelist: 135.
num_chunk_merges: 0.
num_chunk_splits: 84.
num_chunks_enlarged: 35.
num_inconsistent_stats: 0.

CodeHeap 'non-profiled nmethods': size=120000Kb used=163Kb max_used=163Kb free=119836Kb
 bounds [0x0000025fc41d0000, 0x0000025fc4440000, 0x0000025fcb700000]
CodeHeap 'profiled nmethods': size=120000Kb used=686Kb max_used=686Kb free=119313Kb
 bounds [0x0000025fbc700000, 0x0000025fbc970000, 0x0000025fc3c30000]
CodeHeap 'non-nmethods': size=5760Kb used=1429Kb max_used=1441Kb free=4330Kb
 bounds [0x0000025fc3c30000, 0x0000025fc3ea0000, 0x0000025fc41d0000]
 total_blobs=1025 nmethods=504 adapters=426
 compilation: enabled
              stopped_count=0, restarted_count=0
 full_count=0

Compilation events (20 events):
Event: 5.950 Thread 0x0000025fd0f70bf0  488       3       jdk.internal.org.objectweb.asm.SymbolTable::addTypeInternal (85 bytes)
Event: 5.951 Thread 0x0000025fd0f6f540  489       4       jdk.internal.org.objectweb.asm.ByteVector::putShort (52 bytes)
Event: 5.951 Thread 0x0000025fd0f70bf0 nmethod 488 0x0000025fbc7a8610 code [0x0000025fbc7a8800, 0x0000025fbc7a8e18]
Event: 5.952 Thread 0x0000025fd0f70bf0  490       3       sun.util.logging.PlatformLogger::isLoggable (23 bytes)
Event: 5.953 Thread 0x0000025fd0f70bf0 nmethod 490 0x0000025fbc7a9010 code [0x0000025fbc7a91e0, 0x0000025fbc7a94b8]
Event: 5.953 Thread 0x0000025fd0f6f540 nmethod 489 0x0000025fc41f6490 code [0x0000025fc41f6620, 0x0000025fc41f6780]
Event: 5.953 Thread 0x0000025fd0f70bf0  491       3       jdk.internal.logger.AbstractLoggerWrapper::isLoggable (26 bytes)
Event: 5.953 Thread 0x0000025fd0f70bf0 nmethod 491 0x0000025fbc7a9590 code [0x0000025fbc7a9780, 0x0000025fbc7a9d18]
Event: 5.954 Thread 0x0000025fd0f70bf0  492       3       java.util.concurrent.ConcurrentHashMap$Traverser::advance (188 bytes)
Event: 5.954 Thread 0x0000025fd0f6f540  495       4       java.nio.DirectByteBuffer::ix (10 bytes)
Event: 5.955 Thread 0x0000025fd0f6f540 nmethod 495 0x0000025fc41f6890 code [0x0000025fc41f6a20, 0x0000025fc41f6ab0]
Event: 5.955 Thread 0x0000025fd0f70bf0 nmethod 492 0x0000025fbc7a9e90 code [0x0000025fbc7aa0e0, 0x0000025fbc7aac38]
Event: 5.955 Thread 0x0000025fd0f70bf0  493       3       jdk.internal.jimage.ImageLocation::readValue (61 bytes)
Event: 5.955 Thread 0x0000025fd0f70bf0 nmethod 493 0x0000025fbc7aaf10 code [0x0000025fbc7ab0e0, 0x0000025fbc7ab490]
Event: 5.955 Thread 0x0000025fd0f70bf0  494       1       jdk.internal.jimage.ImageHeader::getTableLength (5 bytes)
Event: 5.955 Thread 0x0000025fd0f70bf0 nmethod 494 0x0000025fc41f6b90 code [0x0000025fc41f6d20, 0x0000025fc41f6de8]
Event: 8.008 Thread 0x0000025fd0f70bf0  496       3       java.lang.invoke.MethodHandles$Lookup::checkSymbolicClass (25 bytes)
Event: 8.008 Thread 0x0000025fd0f70bf0 nmethod 496 0x0000025fbc7ab610 code [0x0000025fbc7ab7e0, 0x0000025fbc7aba60]
Event: 8.009 Thread 0x0000025fd0f70bf0  497 %     3       java.util.Properties$LineReader::readLine @ 224 (584 bytes)
Event: 8.010 Thread 0x0000025fd0f6f540  499       4       jdk.internal.util.ArraysSupport::vectorizedHashCode (158 bytes)

GC Heap History (0 events):
No events

Dll operation events (7 events):
Event: 0.013 Loaded shared library C:\Users\pauls\.p2\pool\plugins\org.eclipse.justj.openjdk.hotspot.jre.full.win32.x86_64_21.0.6.v20250130-0529\jre\bin\java.dll
Event: 0.511 Loaded shared library C:\Users\pauls\.p2\pool\plugins\org.eclipse.justj.openjdk.hotspot.jre.full.win32.x86_64_21.0.6.v20250130-0529\jre\bin\zip.dll
Event: 1.605 Loaded shared library C:\Users\pauls\.p2\pool\plugins\org.eclipse.justj.openjdk.hotspot.jre.full.win32.x86_64_21.0.6.v20250130-0529\jre\bin\jimage.dll
Event: 1.613 Loaded shared library C:\Users\pauls\.p2\pool\plugins\org.eclipse.justj.openjdk.hotspot.jre.full.win32.x86_64_21.0.6.v20250130-0529\jre\bin\net.dll
Event: 1.615 Loaded shared library C:\Users\pauls\.p2\pool\plugins\org.eclipse.justj.openjdk.hotspot.jre.full.win32.x86_64_21.0.6.v20250130-0529\jre\bin\nio.dll
Event: 1.623 Loaded shared library C:\Users\pauls\.p2\pool\plugins\org.eclipse.justj.openjdk.hotspot.jre.full.win32.x86_64_21.0.6.v20250130-0529\jre\bin\zip.dll
Event: 1.661 Loaded shared library C:\Users\pauls\.p2\pool\plugins\org.eclipse.justj.openjdk.hotspot.jre.full.win32.x86_64_21.0.6.v20250130-0529\jre\bin\awt.dll

Deoptimization events (0 events):
No events

Classes loaded (20 events):
Event: 8.007 Loading class jdk/internal/jimage/ImageBufferCache$2 done
Event: 8.007 Loading class java/util/AbstractMap$SimpleEntry
Event: 8.007 Loading class java/util/AbstractMap$SimpleEntry done
Event: 8.007 Loading class jdk/internal/jimage/decompressor/ResourceDecompressor$StringsProvider
Event: 8.007 Loading class jdk/internal/jimage/decompressor/ResourceDecompressor$StringsProvider done
Event: 8.008 Loading class jdk/internal/jimage/decompressor/CompressedResourceHeader
Event: 8.008 Loading class jdk/internal/jimage/decompressor/CompressedResourceHeader done
Event: 8.008 Loading class jdk/internal/jimage/decompressor/ResourceDecompressorRepository
Event: 8.008 Loading class jdk/internal/jimage/decompressor/ResourceDecompressorRepository done
Event: 8.008 Loading class jdk/internal/jimage/decompressor/ZipDecompressorFactory
Event: 8.008 Loading class jdk/internal/jimage/decompressor/ResourceDecompressorFactory
Event: 8.008 Loading class jdk/internal/jimage/decompressor/ResourceDecompressorFactory done
Event: 8.008 Loading class jdk/internal/jimage/decompressor/ZipDecompressorFactory done
Event: 8.008 Loading class jdk/internal/jimage/decompressor/StringSharingDecompressorFactory
Event: 8.008 Loading class jdk/internal/jimage/decompressor/StringSharingDecompressorFactory done
Event: 8.009 Loading class jdk/internal/jimage/decompressor/ZipDecompressor
Event: 8.009 Loading class jdk/internal/jimage/decompressor/ResourceDecompressor
Event: 8.009 Loading class jdk/internal/jimage/decompressor/ResourceDecompressor done
Event: 8.009 Loading class jdk/internal/jimage/decompressor/ZipDecompressor done
Event: 8.012 Loading class sun/net/www/MimeEntry

Classes unloaded (0 events):
No events

Classes redefined (0 events):
No events

Internal exceptions (9 events):
Event: 1.645 Thread 0x0000025fb6ad39e0 Exception <a 'java/lang/ClassNotFoundException'{0x000000008c8eb208}: sun/awt/resources/spi/awtProvider> (0x000000008c8eb208) 
thrown [s\src\hotspot\share\classfile\systemDictionary.cpp, line 312]
Event: 1.675 Thread 0x0000025fb6ad39e0 Exception <a 'java/io/FileNotFoundException'{0x000000008c75bb00}> (0x000000008c75bb00) 
thrown [s\src\hotspot\share\prims\jni.cpp, line 520]
Event: 3.708 Thread 0x0000025fb6ad39e0 Exception <a 'java/io/FileNotFoundException'{0x000000008c7866c8}> (0x000000008c7866c8) 
thrown [s\src\hotspot\share\prims\jni.cpp, line 520]
Event: 5.873 Thread 0x0000025fb6ad39e0 Exception <a 'java/lang/NoSuchMethodError'{0x000000008c5849e8}: 'void java.lang.invoke.DirectMethodHandle$Holder.invokeSpecial(java.lang.Object, java.lang.Object, java.lang.Object)'> (0x000000008c5849e8) 
thrown [s\src\hotspot\share\interpreter\linkResolver.cpp, line 773]
Event: 5.886 Thread 0x0000025fb6ad39e0 Exception <a 'java/lang/NoSuchMethodError'{0x000000008c5aafd8}: 'java.lang.Object java.lang.invoke.DirectMethodHandle$Holder.newInvokeSpecial(java.lang.Object, java.lang.Object, java.lang.Object, java.lang.Object, java.lang.Object)'> (0x000000008c5aafd8) 
thrown [s\src\hotspot\share\interpreter\linkResolver.cpp, line 773]
Event: 5.895 Thread 0x0000025fb6ad39e0 Exception <a 'java/lang/NoSuchMethodError'{0x000000008c5d7a30}: 'java.lang.Object java.lang.invoke.DirectMethodHandle$Holder.invokeStatic(java.lang.Object, int, java.lang.Object)'> (0x000000008c5d7a30) 
thrown [s\src\hotspot\share\interpreter\linkResolver.cpp, line 773]
Event: 5.929 Thread 0x0000025fb6ad39e0 Exception <a 'java/lang/ClassNotFoundException'{0x000000008c47a408}: com/sun/swing/internal/plaf/metal/resources/spi/metalProvider> (0x000000008c47a408) 
thrown [s\src\hotspot\share\classfile\systemDictionary.cpp, line 312]
Event: 5.930 Thread 0x0000025fb6ad39e0 Exception <a 'java/lang/ClassNotFoundException'{0x000000008c47e3b8}: com/sun/swing/internal/plaf/basic/resources/spi/basicProvider> (0x000000008c47e3b8) 
thrown [s\src\hotspot\share\classfile\systemDictionary.cpp, line 312]
Event: 5.950 Thread 0x0000025fb6ad39e0 Exception <a 'java/lang/NoSuchMethodError'{0x000000008c49e390}: 'int java.lang.invoke.Invokers$Holder.invokeExact_MT(java.lang.Object, java.lang.Object)'> (0x000000008c49e390) 
thrown [s\src\hotspot\share\interpreter\linkResolver.cpp, line 773]

ZGC Phase Switch (0 events):
No events

VM Operations (11 events):
Event: 1.500 Executing VM operation: Cleanup
Event: 1.579 Executing VM operation: Cleanup done
Event: 2.590 Executing VM operation: Cleanup
Event: 2.700 Executing VM operation: Cleanup done
Event: 5.730 Executing VM operation: Cleanup
Event: 5.840 Executing VM operation: Cleanup done
Event: 5.928 Executing VM operation: HandshakeAllThreads (Deoptimize)
Event: 5.928 Executing VM operation: HandshakeAllThreads (Deoptimize) done
Event: 6.944 Executing VM operation: Cleanup
Event: 8.001 Executing VM operation: Cleanup done
Event: 10.012 Executing VM operation: Cleanup

Memory protections (0 events):
No events

Nmethod flushes (0 events):
No events

Events (16 events):
Event: 0.484 Thread 0x0000025fb6ad39e0 Thread added: 0x0000025fb6ad39e0
Event: 0.513 Thread 0x0000025fb6ad39e0 Thread added: 0x0000025fd0f51730
Event: 0.514 Thread 0x0000025fb6ad39e0 Thread added: 0x0000025fd0f54190
Event: 0.514 Thread 0x0000025fb6ad39e0 Thread added: 0x0000025fd0f5ae60
Event: 0.514 Thread 0x0000025fb6ad39e0 Thread added: 0x0000025fd0f5ede0
Event: 0.514 Thread 0x0000025fb6ad39e0 Thread added: 0x0000025fd0f5f470
Event: 0.514 Thread 0x0000025fb6ad39e0 Thread added: 0x0000025fd0f5c680
Event: 0.515 Thread 0x0000025fb6ad39e0 Thread added: 0x0000025fd0f6f540
Event: 0.515 Thread 0x0000025fb6ad39e0 Thread added: 0x0000025fd0f70bf0
Event: 0.541 Thread 0x0000025fb6ad39e0 Thread added: 0x0000025fd0f5e750
Event: 0.546 Thread 0x0000025fb6ad39e0 Thread added: 0x0000025fd0f5da30
Event: 4.795 Thread 0x0000025fb6ad39e0 Thread added: 0x0000025fd0f5e0c0
Event: 4.797 Thread 0x0000025fb6ad39e0 Thread added: 0x0000025fd0f5bff0
Event: 4.799 Thread 0x0000025fb6ad39e0 Thread added: 0x0000025fd0f5cd10
Event: 5.841 Thread 0x0000025fd0f5bff0 Thread exited: 0x0000025fd0f5bff0
Event: 5.961 Thread 0x0000025fb6ad39e0 Thread added: 0x0000025fd0f5bff0


Dynamic libraries:
0x00007ff7f3a50000 - 0x00007ff7f3a5e000 	C:\Users\pauls\.p2\pool\plugins\org.eclipse.justj.openjdk.hotspot.jre.full.win32.x86_64_21.0.6.v20250130-0529\jre\bin\javaw.exe
0x00007ff832c00000 - 0x00007ff832e60000 	C:\WINDOWS\SYSTEM32\ntdll.dll
0x00007ff8324d0000 - 0x00007ff832597000 	C:\WINDOWS\System32\KERNEL32.DLL
0x00007ff830480000 - 0x00007ff83084a000 	C:\WINDOWS\System32\KERNELBASE.dll
0x00007ff830050000 - 0x00007ff83019b000 	C:\WINDOWS\System32\ucrtbase.dll
0x00007ff81ca40000 - 0x00007ff81ca5e000 	C:\Users\pauls\.p2\pool\plugins\org.eclipse.justj.openjdk.hotspot.jre.full.win32.x86_64_21.0.6.v20250130-0529\jre\bin\VCRUNTIME140.dll
0x00007ff81ca20000 - 0x00007ff81ca38000 	C:\Users\pauls\.p2\pool\plugins\org.eclipse.justj.openjdk.hotspot.jre.full.win32.x86_64_21.0.6.v20250130-0529\jre\bin\jli.dll
0x00007ff831c00000 - 0x00007ff831dcc000 	C:\WINDOWS\System32\USER32.dll
0x00007ff8309d0000 - 0x00007ff8309f7000 	C:\WINDOWS\System32\win32u.dll
0x00007ff813060000 - 0x00007ff8132f7000 	C:\WINDOWS\WinSxS\amd64_microsoft.windows.common-controls_6595b64144ccf1df_6.0.26100.3624_none_3e086962e3345f24\COMCTL32.dll
0x00007ff830f50000 - 0x00007ff830f7a000 	C:\WINDOWS\System32\GDI32.dll
0x00007ff82fde0000 - 0x00007ff82ff11000 	C:\WINDOWS\System32\gdi32full.dll
0x00007ff8323c0000 - 0x00007ff832469000 	C:\WINDOWS\System32\msvcrt.dll
0x00007ff830260000 - 0x00007ff830303000 	C:\WINDOWS\System32\msvcp_win.dll
0x00007ff832aa0000 - 0x00007ff832acf000 	C:\WINDOWS\System32\IMM32.DLL
0x00007ff81ca10000 - 0x00007ff81ca1c000 	C:\Users\pauls\.p2\pool\plugins\org.eclipse.justj.openjdk.hotspot.jre.full.win32.x86_64_21.0.6.v20250130-0529\jre\bin\vcruntime140_1.dll
0x00007ff8187a0000 - 0x00007ff81882d000 	C:\Users\pauls\.p2\pool\plugins\org.eclipse.justj.openjdk.hotspot.jre.full.win32.x86_64_21.0.6.v20250130-0529\jre\bin\msvcp140.dll
0x00007fffe3c10000 - 0x00007fffe49a0000 	C:\Users\pauls\.p2\pool\plugins\org.eclipse.justj.openjdk.hotspot.jre.full.win32.x86_64_21.0.6.v20250130-0529\jre\bin\server\jvm.dll
0x00007ff830a10000 - 0x00007ff830ac2000 	C:\WINDOWS\System32\ADVAPI32.dll
0x00007ff8325a0000 - 0x00007ff832646000 	C:\WINDOWS\System32\sechost.dll
0x00007ff831ac0000 - 0x00007ff831bd6000 	C:\WINDOWS\System32\RPCRT4.dll
0x00007ff832a20000 - 0x00007ff832a94000 	C:\WINDOWS\System32\WS2_32.dll
0x00007ff82fc30000 - 0x00007ff82fc8e000 	C:\WINDOWS\SYSTEM32\POWRPROF.dll
0x00007ff82c640000 - 0x00007ff82c676000 	C:\WINDOWS\SYSTEM32\WINMM.dll
0x00007ff819970000 - 0x00007ff81997b000 	C:\WINDOWS\SYSTEM32\VERSION.dll
0x00007ff82fc00000 - 0x00007ff82fc14000 	C:\WINDOWS\SYSTEM32\UMPDC.dll
0x00007ff82ebf0000 - 0x00007ff82ec0a000 	C:\WINDOWS\SYSTEM32\kernel.appcore.dll
0x00007ff82c440000 - 0x00007ff82c44a000 	C:\Users\pauls\.p2\pool\plugins\org.eclipse.justj.openjdk.hotspot.jre.full.win32.x86_64_21.0.6.v20250130-0529\jre\bin\jimage.dll
0x00007ff82d4b0000 - 0x00007ff82d6f1000 	C:\WINDOWS\SYSTEM32\DBGHELP.DLL
0x00007ff830bc0000 - 0x00007ff830f42000 	C:\WINDOWS\System32\combase.dll
0x00007ff832ae0000 - 0x00007ff832bb6000 	C:\WINDOWS\System32\OLEAUT32.dll
0x00007ff811c60000 - 0x00007ff811c99000 	C:\WINDOWS\SYSTEM32\dbgcore.DLL
0x00007ff82ff20000 - 0x00007ff82ffb9000 	C:\WINDOWS\System32\bcryptPrimitives.dll
0x00007ff82c420000 - 0x00007ff82c43f000 	C:\Users\pauls\.p2\pool\plugins\org.eclipse.justj.openjdk.hotspot.jre.full.win32.x86_64_21.0.6.v20250130-0529\jre\bin\java.dll
0x00007ff830f80000 - 0x00007ff8316a9000 	C:\WINDOWS\System32\SHELL32.dll
0x00007ff830310000 - 0x00007ff830478000 	C:\WINDOWS\System32\wintypes.dll
0x00007ff82da50000 - 0x00007ff82e2a2000 	C:\WINDOWS\SYSTEM32\windows.storage.dll
0x00007ff830ad0000 - 0x00007ff830bbd000 	C:\WINDOWS\System32\SHCORE.dll
0x00007ff8319c0000 - 0x00007ff831a24000 	C:\WINDOWS\System32\shlwapi.dll
0x00007ff82fcf0000 - 0x00007ff82fd1f000 	C:\WINDOWS\SYSTEM32\profapi.dll
0x00007ff82a240000 - 0x00007ff82a258000 	C:\Users\pauls\.p2\pool\plugins\org.eclipse.justj.openjdk.hotspot.jre.full.win32.x86_64_21.0.6.v20250130-0529\jre\bin\zip.dll
0x00007ff82a550000 - 0x00007ff82a560000 	C:\Users\pauls\.p2\pool\plugins\org.eclipse.justj.openjdk.hotspot.jre.full.win32.x86_64_21.0.6.v20250130-0529\jre\bin\net.dll
0x00007ff826220000 - 0x00007ff82633d000 	C:\WINDOWS\SYSTEM32\WINHTTP.dll
0x00007ff82f110000 - 0x00007ff82f17a000 	C:\WINDOWS\system32\mswsock.dll
0x00007ff821580000 - 0x00007ff821596000 	C:\Users\pauls\.p2\pool\plugins\org.eclipse.justj.openjdk.hotspot.jre.full.win32.x86_64_21.0.6.v20250130-0529\jre\bin\nio.dll
0x00007fffeea70000 - 0x00007fffeebfe000 	C:\Users\pauls\.p2\pool\plugins\org.eclipse.justj.openjdk.hotspot.jre.full.win32.x86_64_21.0.6.v20250130-0529\jre\bin\awt.dll
0x00007ff82c5a0000 - 0x00007ff82c63c000 	C:\WINDOWS\SYSTEM32\apphelp.dll
0x00007ff82ceb0000 - 0x00007ff82cee6000 	C:\WINDOWS\system32\DWMAPI.DLL
0x00007ff82cb40000 - 0x00007ff82cbee000 	C:\WINDOWS\system32\uxtheme.dll
0x00007fffee8a0000 - 0x00007fffee9ac000 	C:\WINDOWS\system32\opengl32.dll
0x00007ff81c8a0000 - 0x00007ff81c8cd000 	C:\WINDOWS\SYSTEM32\GLU32.dll
0x00007ff82ce60000 - 0x00007ff82cea7000 	C:\WINDOWS\SYSTEM32\dxcore.dll
0x00007ff8316b0000 - 0x00007ff83180d000 	C:\WINDOWS\System32\MSCTF.dll
0x00007ff831820000 - 0x00007ff8319b6000 	C:\WINDOWS\System32\ole32.dll

dbghelp: loaded successfully - version: 4.0.5 - missing functions: none
symbol engine: initialized successfully - sym options: 0x614 - pdb path: .;C:\Users\pauls\.p2\pool\plugins\org.eclipse.justj.openjdk.hotspot.jre.full.win32.x86_64_21.0.6.v20250130-0529\jre\bin;C:\WINDOWS\SYSTEM32;C:\WINDOWS\WinSxS\amd64_microsoft.windows.common-controls_6595b64144ccf1df_6.0.26100.3624_none_3e086962e3345f24;C:\Users\pauls\.p2\pool\plugins\org.eclipse.justj.openjdk.hotspot.jre.full.win32.x86_64_21.0.6.v20250130-0529\jre\bin\server

VM Arguments:
jvm_args: -Dfile.encoding=UTF-8 -Dstdout.encoding=UTF-8 -Dstderr.encoding=UTF-8 -XX:+ShowCodeDetailsInExceptionMessages 
java_command: bank.management.system.Transaction
java_class_path (initial): C:\Users\pauls\eclipse-workspace\BankManagementSystem\bin;C:\Users\pauls\Downloads\jcalendar-tz-1.3.3-4.jar\jcalendar-tz-1.3.3-4.jar;C:\Users\pauls\Downloads\mysql-connector-j-8.3.0.jar
Launcher Type: SUN_STANDARD

[Global flags]
     intx CICompilerCount                          = 4                                         {product} {ergonomic}
     uint ConcGCThreads                            = 3                                         {product} {ergonomic}
     uint G1ConcRefinementThreads                  = 10                                        {product} {ergonomic}
   size_t G1HeapRegionSize                         = 1048576                                   {product} {ergonomic}
    uintx GCDrainStackTargetSize                   = 64                                        {product} {ergonomic}
   size_t InitialHeapSize                          = 130023424                                 {product} {ergonomic}
   size_t MarkStackSize                            = 4194304                                   {product} {ergonomic}
   size_t MaxHeapSize                              = 2065694720                                {product} {ergonomic}
   size_t MaxNewSize                               = 1239416832                                {product} {ergonomic}
   size_t MinHeapDeltaBytes                        = 1048576                                   {product} {ergonomic}
   size_t MinHeapSize                              = 8388608                                   {product} {ergonomic}
    uintx NonNMethodCodeHeapSize                   = 5839372                                {pd product} {ergonomic}
    uintx NonProfiledCodeHeapSize                  = 122909434                              {pd product} {ergonomic}
    uintx ProfiledCodeHeapSize                     = 122909434                              {pd product} {ergonomic}
    uintx ReservedCodeCacheSize                    = 251658240                              {pd product} {ergonomic}
     bool SegmentedCodeCache                       = true                                      {product} {ergonomic}
     bool ShowCodeDetailsInExceptionMessages       = true                                   {manageable} {command line}
   size_t SoftMaxHeapSize                          = 2065694720                             {manageable} {ergonomic}
     bool UseCompressedOops                        = true                           {product lp64_product} {ergonomic}
     bool UseG1GC                                  = true                                      {product} {ergonomic}
     bool UseLargePagesIndividualAllocation        = false                                  {pd product} {ergonomic}

Logging:
Log output configuration:
 #0: stdout all=warning uptime,level,tags foldmultilines=false
 #1: stderr all=off uptime,level,tags foldmultilines=false

Environment Variables:
PATH=C:/Users/pauls/.p2/pool/plugins/org.eclipse.justj.openjdk.hotspot.jre.full.win32.x86_64_21.0.6.v20250130-0529/jre/bin/server;C:/Users/pauls/.p2/pool/plugins/org.eclipse.justj.openjdk.hotspot.jre.full.win32.x86_64_21.0.6.v20250130-0529/jre/bin;C:\Program Files\Common Files\Oracle\Java\javapath;C:\WINDOWS\system32;C:\WINDOWS;C:\WINDOWS\System32\Wbem;C:\WINDOWS\System32\WindowsPowerShell\v1.0\;C:\WINDOWS\System32\OpenSSH\;C:\Program Files\dotnet\;C:\Program Files\MySQL\MySQL Server 8.0\bin;C:\Program Files\Git\cmd;C:\Program Files\nodejs\;C:\ProgramData\chocolatey\bin;C:\jdk-23\bin;C:\Program Files\MySQL\MySQL Shell 8.0\bin\;C:\Users\pauls\AppData\Local\Programs\Python\Python312\Scripts\;C:\Users\pauls\AppData\Local\Programs\Python\Python312\;C:\Users\pauls\AppData\Local\Microsoft\WindowsApps;C:\Users\pauls\AppData\Local\Programs\Microsoft VS Code\bin;C:\Users\pauls\AppData\Roaming\npm;C:\jdk-17\bin;C:\jdk-23\bin;;C:\Users\pauls\Desktop;
USERNAME=pauls
OS=Windows_NT
PROCESSOR_IDENTIFIER=Intel64 Family 6 Model 154 Stepping 4, GenuineIntel
TMP=C:\Users\pauls\AppData\Local\Temp
TEMP=C:\Users\pauls\AppData\Local\Temp




Periodic native trim disabled

---------------  S Y S T E M  ---------------

OS:
 Windows 11 , 64 bit Build 26100 (10.0.26100.3775)
OS uptime: 0 days 14:08 hours
Hyper-V role detected

CPU: total 12 (initial active 12) (6 cores per cpu, 2 threads per core) family 6 model 154 stepping 4 microcode 0x435, cx8, cmov, fxsr, ht, mmx, 3dnowpref, sse, sse2, sse3, ssse3, sse4.1, sse4.2, popcnt, lzcnt, tsc, tscinvbit, avx, avx2, aes, erms, clmul, bmi1, bmi2, adx, sha, fma, vzeroupper, clflush, clflushopt, clwb, hv, serialize, rdtscp, rdpid, fsrm, f16c, cet_ibt, cet_ss
Processor Information for the first 12 processors :
  Max Mhz: 1300, Current Mhz: 1300, Mhz Limit: 1300

Memory: 4k page, system-wide physical 7876M (1238M free)
TotalPageFile size 32452M (AvailPageFile size 0M)
current process WorkingSet (physical memory assigned to process): 54M, peak: 54M
current process commit charge ("private bytes"): 216M, peak: 216M

vm_info: OpenJDK 64-Bit Server VM (21.0.6+7-LTS) for windows-amd64 JRE (21.0.6+7-LTS), built on 2025-01-21T00:00:00Z by "admin" with MS VC++ 17.7 (VS2022)

END.
