#
# There is insufficient memory for the Java Runtime Environment to continue.
# Native memory allocation (malloc) failed to allocate 32744 bytes. Error detail: Chunk::new
# Possible reasons:
#   The system is out of physical RAM or swap space
#   This process is running with CompressedOops enabled, and the Java Heap may be blocking the growth of the native heap
# Possible solutions:
#   Reduce memory load on the system
#   Increase physical memory or swap space
#   Check if swap backing store is full
#   Decrease Java heap size (-Xmx/-Xms)
#   Decrease number of Java threads
#   Decrease Java thread stack sizes (-Xss)
#   Set larger code cache with -XX:ReservedCodeCacheSize=
#   JVM is running with Unscaled Compressed Oops mode in which the Java heap is
#     placed in the first 4GB address space. The Java Heap base address is the
#     maximum limit for the native heap growth. Please use -XX:HeapBaseMinAddress
#     to set the Java Heap base and to place the Java Heap above 4GB virtual address.
# This output file may be truncated or incomplete.
#
#  Out of Memory Error (arena.cpp:168), pid=6544, tid=4516
#
# JRE version: OpenJDK Runtime Environment Temurin-21.0.6+7 (21.0.6+7) (build 21.0.6+7-LTS)
# Java VM: OpenJDK 64-Bit Server VM Temurin-21.0.6+7 (21.0.6+7-LTS, mixed mode, sharing, tiered, compressed oops, compressed class ptrs, g1 gc, windows-amd64)
# No core dump will be written. Minidumps are not enabled by default on client versions of Windows
#

---------------  S U M M A R Y ------------

Command Line: -Dfile.encoding=UTF-8 -Dstdout.encoding=UTF-8 -Dstderr.encoding=UTF-8 -XX:+ShowCodeDetailsInExceptionMessages bank.management.system.Transaction

Host: 12th Gen Intel(R) Core(TM) i5-1235U, 12 cores, 7G,  Windows 11 , 64 bit Build 26100 (10.0.26100.3775)
Time: Wed Apr 23 01:59:56 2025 India Standard Time elapsed time: 62.934581 seconds (0d 0h 1m 2s)

---------------  T H R E A D  ---------------

Current thread (0x000001857f2b3c00):  JavaThread "C1 CompilerThread0" daemon [_thread_in_vm, id=4516, stack(0x0000007441100000,0x0000007441200000) (1024K)]


Current CompileTask:
C1:62934 1447   !   3       java.util.concurrent.locks.AbstractQueuedSynchronizer::tryInitializeHead (66 bytes)

Stack: [0x0000007441100000,0x0000007441200000]
Native frames: (J=compiled Java code, j=interpreted, Vv=VM code, C=native code)
V  [jvm.dll+0x6cdee9]
V  [jvm.dll+0x8a83d1]
V  [jvm.dll+0x8aa8fe]
V  [jvm.dll+0x8aafe3]
V  [jvm.dll+0x27f706]
V  [jvm.dll+0xc500d]
V  [jvm.dll+0xc5543]
V  [jvm.dll+0x1fa71b]
V  [jvm.dll+0x1e5dd3]
V  [jvm.dll+0x2566f6]
V  [jvm.dll+0x254dfa]
V  [jvm.dll+0x3f0256]
V  [jvm.dll+0x851f8b]
V  [jvm.dll+0x6cc5ed]
C  [ucrtbase.dll+0x37b0]
C  [KERNEL32.DLL+0x2e8d7]
C  [ntdll.dll+0xb14fc]


---------------  P R O C E S S  ---------------

Threads class SMR info:
_java_thread_list=0x0000018547918ff0, length=15, elements={
0x000001857f265fb0, 0x000001857f266a00, 0x000001857f26edb0, 0x000001857f26fbb0,
0x000001857f271170, 0x000001857f29e140, 0x000001857f2aa150, 0x000001857f2b3c00,
0x000001857f3f7c20, 0x000001857f3fc680, 0x000001857f5c62a0, 0x000001857f5d0280,
0x000001857f5d18f0, 0x000001857f68deb0, 0x0000018566c71480
}

Java Threads: ( => current thread )
  0x000001857f265fb0 JavaThread "Reference Handler"          daemon [_thread_blocked, id=28696, stack(0x0000007440a00000,0x0000007440b00000) (1024K)]
  0x000001857f266a00 JavaThread "Finalizer"                  daemon [_thread_blocked, id=12432, stack(0x0000007440b00000,0x0000007440c00000) (1024K)]
  0x000001857f26edb0 JavaThread "Signal Dispatcher"          daemon [_thread_blocked, id=30380, stack(0x0000007440c00000,0x0000007440d00000) (1024K)]
  0x000001857f26fbb0 JavaThread "Attach Listener"            daemon [_thread_blocked, id=30368, stack(0x0000007440d00000,0x0000007440e00000) (1024K)]
  0x000001857f271170 JavaThread "Service Thread"             daemon [_thread_blocked, id=9984, stack(0x0000007440e00000,0x0000007440f00000) (1024K)]
  0x000001857f29e140 JavaThread "Monitor Deflation Thread"   daemon [_thread_blocked, id=23896, stack(0x0000007440f00000,0x0000007441000000) (1024K)]
  0x000001857f2aa150 JavaThread "C2 CompilerThread0"         daemon [_thread_blocked, id=19732, stack(0x0000007441000000,0x0000007441100000) (1024K)]
=>0x000001857f2b3c00 JavaThread "C1 CompilerThread0"         daemon [_thread_in_vm, id=4516, stack(0x0000007441100000,0x0000007441200000) (1024K)]
  0x000001857f3f7c20 JavaThread "Notification Thread"        daemon [_thread_blocked, id=24568, stack(0x0000007441200000,0x0000007441300000) (1024K)]
  0x000001857f3fc680 JavaThread "Common-Cleaner"             daemon [_thread_blocked, id=29016, stack(0x0000007441300000,0x0000007441400000) (1024K)]
  0x000001857f5c62a0 JavaThread "Java2D Disposer"            daemon [_thread_blocked, id=30532, stack(0x0000007441400000,0x0000007441500000) (1024K)]
  0x000001857f5d0280 JavaThread "AWT-Shutdown"                      [_thread_blocked, id=10508, stack(0x0000007441500000,0x0000007441600000) (1024K)]
  0x000001857f5d18f0 JavaThread "AWT-Windows"                daemon [_thread_in_native, id=18820, stack(0x0000007441600000,0x0000007441700000) (1024K)]
  0x000001857f68deb0 JavaThread "AWT-EventQueue-0"                  [_thread_blocked, id=30596, stack(0x0000007441900000,0x0000007441a00000) (1024K)]
  0x0000018566c71480 JavaThread "DestroyJavaVM"                     [_thread_blocked, id=2596, stack(0x0000007440200000,0x0000007440300000) (1024K)]
Total: 15

Other Threads:
  0x000001857f24b6a0 VMThread "VM Thread"                           [id=23408, stack(0x0000007440900000,0x0000007440a00000) (1024K)]
  0x000001857f2373d0 WatcherThread "VM Periodic Task Thread"        [id=30416, stack(0x0000007440800000,0x0000007440900000) (1024K)]
  0x00000185690ce420 WorkerThread "GC Thread#0"                     [id=23428, stack(0x0000007440300000,0x0000007440400000) (1024K)]
  0x0000018547a30120 WorkerThread "GC Thread#1"                     [id=24292, stack(0x0000007441a00000,0x0000007441b00000) (1024K)]
  0x0000018547a304c0 WorkerThread "GC Thread#2"                     [id=15412, stack(0x0000007441b00000,0x0000007441c00000) (1024K)]
  0x000001854799e350 WorkerThread "GC Thread#3"                     [id=25140, stack(0x0000007441c00000,0x0000007441d00000) (1024K)]
  0x000001854799e6f0 WorkerThread "GC Thread#4"                     [id=30164, stack(0x0000007441d00000,0x0000007441e00000) (1024K)]
  0x000001854799ea90 WorkerThread "GC Thread#5"                     [id=13000, stack(0x0000007441e00000,0x0000007441f00000) (1024K)]
  0x0000018547a78a20 WorkerThread "GC Thread#6"                     [id=30124, stack(0x0000007441f00000,0x0000007442000000) (1024K)]
  0x0000018547a82fa0 WorkerThread "GC Thread#7"                     [id=30648, stack(0x0000007442000000,0x0000007442100000) (1024K)]
  0x0000018547a83340 WorkerThread "GC Thread#8"                     [id=12824, stack(0x0000007442100000,0x0000007442200000) (1024K)]
  0x00000185690df250 ConcurrentGCThread "G1 Main Marker"            [id=1800, stack(0x0000007440400000,0x0000007440500000) (1024K)]
  0x00000185690dfd50 WorkerThread "G1 Conc#0"                       [id=14516, stack(0x0000007440500000,0x0000007440600000) (1024K)]
  0x000001857f109a70 ConcurrentGCThread "G1 Refine#0"               [id=30388, stack(0x0000007440600000,0x0000007440700000) (1024K)]
  0x000001857f10a290 ConcurrentGCThread "G1 Service"                [id=11516, stack(0x0000007440700000,0x0000007440800000) (1024K)]
Total: 15

Threads with active compile tasks:
C1 CompilerThread0  62952 1447   !   3       java.util.concurrent.locks.AbstractQueuedSynchronizer::tryInitializeHead (66 bytes)
Total: 1

VM state: not at safepoint (normal execution)

VM Mutex/Monitor currently owned by a thread: None

Heap address: 0x0000000084e00000, size: 1970 MB, Compressed Oops mode: 32-bit

CDS archive(s) mapped at: [0x0000018502000000-0x0000018502c80000-0x0000018502c80000), size 13107200, SharedBaseAddress: 0x0000018502000000, ArchiveRelocationMode: 1.
Compressed class space mapped at: 0x0000018503000000-0x0000018543000000, reserved size: 1073741824
Narrow klass base: 0x0000018502000000, Narrow klass shift: 0, Narrow klass range: 0x100000000

GC Precious Log:
 CardTable entry size: 512
 Card Set container configuration: InlinePtr #cards 5 size 8 Array Of Cards #cards 12 size 40 Howl #buckets 4 coarsen threshold 1843 Howl Bitmap #cards 512 size 80 coarsen threshold 460 Card regions per heap region 1 cards per card region 2048
 CPUs: 12 total, 12 available
 Memory: 7876M
 Large Page Support: Disabled
 NUMA Support: Disabled
 Compressed Oops: Enabled (32-bit)
 Heap Region Size: 1M
 Heap Min Capacity: 8M
 Heap Initial Capacity: 124M
 Heap Max Capacity: 1970M
 Pre-touch: Disabled
 Parallel Workers: 10
 Concurrent Workers: 3
 Concurrent Refinement Workers: 10
 Periodic GC: Disabled

Heap:
 garbage-first heap   total 126976K, used 19168K [0x0000000084e00000, 0x0000000100000000)
  region size 1024K, 6 young (6144K), 3 survivors (3072K)
 Metaspace       used 7736K, committed 7936K, reserved 1114112K
  class space    used 773K, committed 896K, reserved 1048576K

Heap Regions: E=young(eden), S=young(survivor), O=old, HS=humongous(starts), HC=humongous(continues), CS=collection set, F=free, TAMS=top-at-mark-start, PB=parsable bottom
|   0|0x0000000084e00000, 0x0000000084f00000, 0x0000000084f00000|100%|HS|  |TAMS 0x0000000084e00000| PB 0x0000000084e00000| Complete 
|   1|0x0000000084f00000, 0x0000000085000000, 0x0000000085000000|100%|HC|  |TAMS 0x0000000084f00000| PB 0x0000000084f00000| Complete 
|   2|0x0000000085000000, 0x0000000085100000, 0x0000000085100000|100%|HC|  |TAMS 0x0000000085000000| PB 0x0000000085000000| Complete 
|   3|0x0000000085100000, 0x0000000085200000, 0x0000000085200000|100%|HC|  |TAMS 0x0000000085100000| PB 0x0000000085100000| Complete 
|   4|0x0000000085200000, 0x0000000085300000, 0x0000000085300000|100%|HS|  |TAMS 0x0000000085200000| PB 0x0000000085200000| Complete 
|   5|0x0000000085300000, 0x0000000085400000, 0x0000000085400000|100%|HC|  |TAMS 0x0000000085300000| PB 0x0000000085300000| Complete 
|   6|0x0000000085400000, 0x0000000085500000, 0x0000000085500000|100%|HC|  |TAMS 0x0000000085400000| PB 0x0000000085400000| Complete 
|   7|0x0000000085500000, 0x0000000085600000, 0x0000000085600000|100%|HC|  |TAMS 0x0000000085500000| PB 0x0000000085500000| Complete 
|   8|0x0000000085600000, 0x0000000085700000, 0x0000000085700000|100%|HS|  |TAMS 0x0000000085600000| PB 0x0000000085600000| Complete 
|   9|0x0000000085700000, 0x0000000085800000, 0x0000000085800000|100%|HC|  |TAMS 0x0000000085700000| PB 0x0000000085700000| Complete 
|  10|0x0000000085800000, 0x0000000085900000, 0x0000000085900000|100%|HC|  |TAMS 0x0000000085800000| PB 0x0000000085800000| Complete 
|  11|0x0000000085900000, 0x0000000085a00000, 0x0000000085a00000|100%|HC|  |TAMS 0x0000000085900000| PB 0x0000000085900000| Complete 
|  12|0x0000000085a00000, 0x0000000085b00000, 0x0000000085b00000|100%|HC|  |TAMS 0x0000000085a00000| PB 0x0000000085a00000| Complete 
|  13|0x0000000085b00000, 0x0000000085bb8390, 0x0000000085c00000| 71%| O|  |TAMS 0x0000000085b00000| PB 0x0000000085b00000| Untracked 
|  14|0x0000000085c00000, 0x0000000085c00000, 0x0000000085d00000|  0%| F|  |TAMS 0x0000000085c00000| PB 0x0000000085c00000| Untracked 
|  15|0x0000000085d00000, 0x0000000085d00000, 0x0000000085e00000|  0%| F|  |TAMS 0x0000000085d00000| PB 0x0000000085d00000| Untracked 
|  16|0x0000000085e00000, 0x0000000085e00000, 0x0000000085f00000|  0%| F|  |TAMS 0x0000000085e00000| PB 0x0000000085e00000| Untracked 
|  17|0x0000000085f00000, 0x0000000085f00000, 0x0000000086000000|  0%| F|  |TAMS 0x0000000085f00000| PB 0x0000000085f00000| Untracked 
|  18|0x0000000086000000, 0x0000000086000000, 0x0000000086100000|  0%| F|  |TAMS 0x0000000086000000| PB 0x0000000086000000| Untracked 
|  19|0x0000000086100000, 0x0000000086100000, 0x0000000086200000|  0%| F|  |TAMS 0x0000000086100000| PB 0x0000000086100000| Untracked 
|  20|0x0000000086200000, 0x0000000086200000, 0x0000000086300000|  0%| F|  |TAMS 0x0000000086200000| PB 0x0000000086200000| Untracked 
|  21|0x0000000086300000, 0x0000000086300000, 0x0000000086400000|  0%| F|  |TAMS 0x0000000086300000| PB 0x0000000086300000| Untracked 
|  22|0x0000000086400000, 0x0000000086400000, 0x0000000086500000|  0%| F|  |TAMS 0x0000000086400000| PB 0x0000000086400000| Untracked 
|  23|0x0000000086500000, 0x0000000086500000, 0x0000000086600000|  0%| F|  |TAMS 0x0000000086500000| PB 0x0000000086500000| Untracked 
|  24|0x0000000086600000, 0x0000000086600000, 0x0000000086700000|  0%| F|  |TAMS 0x0000000086600000| PB 0x0000000086600000| Untracked 
|  25|0x0000000086700000, 0x0000000086700000, 0x0000000086800000|  0%| F|  |TAMS 0x0000000086700000| PB 0x0000000086700000| Untracked 
|  26|0x0000000086800000, 0x0000000086800000, 0x0000000086900000|  0%| F|  |TAMS 0x0000000086800000| PB 0x0000000086800000| Untracked 
|  27|0x0000000086900000, 0x0000000086900000, 0x0000000086a00000|  0%| F|  |TAMS 0x0000000086900000| PB 0x0000000086900000| Untracked 
|  28|0x0000000086a00000, 0x0000000086a00000, 0x0000000086b00000|  0%| F|  |TAMS 0x0000000086a00000| PB 0x0000000086a00000| Untracked 
|  29|0x0000000086b00000, 0x0000000086b00000, 0x0000000086c00000|  0%| F|  |TAMS 0x0000000086b00000| PB 0x0000000086b00000| Untracked 
|  30|0x0000000086c00000, 0x0000000086c00000, 0x0000000086d00000|  0%| F|  |TAMS 0x0000000086c00000| PB 0x0000000086c00000| Untracked 
|  31|0x0000000086d00000, 0x0000000086d00000, 0x0000000086e00000|  0%| F|  |TAMS 0x0000000086d00000| PB 0x0000000086d00000| Untracked 
|  32|0x0000000086e00000, 0x0000000086e00000, 0x0000000086f00000|  0%| F|  |TAMS 0x0000000086e00000| PB 0x0000000086e00000| Untracked 
|  33|0x0000000086f00000, 0x0000000086f00000, 0x0000000087000000|  0%| F|  |TAMS 0x0000000086f00000| PB 0x0000000086f00000| Untracked 
|  34|0x0000000087000000, 0x0000000087000000, 0x0000000087100000|  0%| F|  |TAMS 0x0000000087000000| PB 0x0000000087000000| Untracked 
|  35|0x0000000087100000, 0x0000000087100000, 0x0000000087200000|  0%| F|  |TAMS 0x0000000087100000| PB 0x0000000087100000| Untracked 
|  36|0x0000000087200000, 0x0000000087200000, 0x0000000087300000|  0%| F|  |TAMS 0x0000000087200000| PB 0x0000000087200000| Untracked 
|  37|0x0000000087300000, 0x0000000087300000, 0x0000000087400000|  0%| F|  |TAMS 0x0000000087300000| PB 0x0000000087300000| Untracked 
|  38|0x0000000087400000, 0x0000000087400000, 0x0000000087500000|  0%| F|  |TAMS 0x0000000087400000| PB 0x0000000087400000| Untracked 
|  39|0x0000000087500000, 0x0000000087500000, 0x0000000087600000|  0%| F|  |TAMS 0x0000000087500000| PB 0x0000000087500000| Untracked 
|  40|0x0000000087600000, 0x0000000087600000, 0x0000000087700000|  0%| F|  |TAMS 0x0000000087600000| PB 0x0000000087600000| Untracked 
|  41|0x0000000087700000, 0x0000000087700000, 0x0000000087800000|  0%| F|  |TAMS 0x0000000087700000| PB 0x0000000087700000| Untracked 
|  42|0x0000000087800000, 0x0000000087800000, 0x0000000087900000|  0%| F|  |TAMS 0x0000000087800000| PB 0x0000000087800000| Untracked 
|  43|0x0000000087900000, 0x0000000087900000, 0x0000000087a00000|  0%| F|  |TAMS 0x0000000087900000| PB 0x0000000087900000| Untracked 
|  44|0x0000000087a00000, 0x0000000087a00000, 0x0000000087b00000|  0%| F|  |TAMS 0x0000000087a00000| PB 0x0000000087a00000| Untracked 
|  45|0x0000000087b00000, 0x0000000087b00000, 0x0000000087c00000|  0%| F|  |TAMS 0x0000000087b00000| PB 0x0000000087b00000| Untracked 
|  46|0x0000000087c00000, 0x0000000087c00000, 0x0000000087d00000|  0%| F|  |TAMS 0x0000000087c00000| PB 0x0000000087c00000| Untracked 
|  47|0x0000000087d00000, 0x0000000087d00000, 0x0000000087e00000|  0%| F|  |TAMS 0x0000000087d00000| PB 0x0000000087d00000| Untracked 
|  48|0x0000000087e00000, 0x0000000087e00000, 0x0000000087f00000|  0%| F|  |TAMS 0x0000000087e00000| PB 0x0000000087e00000| Untracked 
|  49|0x0000000087f00000, 0x0000000087f00000, 0x0000000088000000|  0%| F|  |TAMS 0x0000000087f00000| PB 0x0000000087f00000| Untracked 
|  50|0x0000000088000000, 0x0000000088000000, 0x0000000088100000|  0%| F|  |TAMS 0x0000000088000000| PB 0x0000000088000000| Untracked 
|  51|0x0000000088100000, 0x0000000088100000, 0x0000000088200000|  0%| F|  |TAMS 0x0000000088100000| PB 0x0000000088100000| Untracked 
|  52|0x0000000088200000, 0x0000000088200000, 0x0000000088300000|  0%| F|  |TAMS 0x0000000088200000| PB 0x0000000088200000| Untracked 
|  53|0x0000000088300000, 0x0000000088300000, 0x0000000088400000|  0%| F|  |TAMS 0x0000000088300000| PB 0x0000000088300000| Untracked 
|  54|0x0000000088400000, 0x0000000088400000, 0x0000000088500000|  0%| F|  |TAMS 0x0000000088400000| PB 0x0000000088400000| Untracked 
|  55|0x0000000088500000, 0x0000000088500000, 0x0000000088600000|  0%| F|  |TAMS 0x0000000088500000| PB 0x0000000088500000| Untracked 
|  56|0x0000000088600000, 0x0000000088600000, 0x0000000088700000|  0%| F|  |TAMS 0x0000000088600000| PB 0x0000000088600000| Untracked 
|  57|0x0000000088700000, 0x0000000088700000, 0x0000000088800000|  0%| F|  |TAMS 0x0000000088700000| PB 0x0000000088700000| Untracked 
|  58|0x0000000088800000, 0x0000000088800000, 0x0000000088900000|  0%| F|  |TAMS 0x0000000088800000| PB 0x0000000088800000| Untracked 
|  59|0x0000000088900000, 0x0000000088900000, 0x0000000088a00000|  0%| F|  |TAMS 0x0000000088900000| PB 0x0000000088900000| Untracked 
|  60|0x0000000088a00000, 0x0000000088a00000, 0x0000000088b00000|  0%| F|  |TAMS 0x0000000088a00000| PB 0x0000000088a00000| Untracked 
|  61|0x0000000088b00000, 0x0000000088b00000, 0x0000000088c00000|  0%| F|  |TAMS 0x0000000088b00000| PB 0x0000000088b00000| Untracked 
|  62|0x0000000088c00000, 0x0000000088c00000, 0x0000000088d00000|  0%| F|  |TAMS 0x0000000088c00000| PB 0x0000000088c00000| Untracked 
|  63|0x0000000088d00000, 0x0000000088d00000, 0x0000000088e00000|  0%| F|  |TAMS 0x0000000088d00000| PB 0x0000000088d00000| Untracked 
|  64|0x0000000088e00000, 0x0000000088e00000, 0x0000000088f00000|  0%| F|  |TAMS 0x0000000088e00000| PB 0x0000000088e00000| Untracked 
|  65|0x0000000088f00000, 0x0000000088f00000, 0x0000000089000000|  0%| F|  |TAMS 0x0000000088f00000| PB 0x0000000088f00000| Untracked 
|  66|0x0000000089000000, 0x0000000089000000, 0x0000000089100000|  0%| F|  |TAMS 0x0000000089000000| PB 0x0000000089000000| Untracked 
|  67|0x0000000089100000, 0x0000000089100000, 0x0000000089200000|  0%| F|  |TAMS 0x0000000089100000| PB 0x0000000089100000| Untracked 
|  68|0x0000000089200000, 0x0000000089200000, 0x0000000089300000|  0%| F|  |TAMS 0x0000000089200000| PB 0x0000000089200000| Untracked 
|  69|0x0000000089300000, 0x0000000089300000, 0x0000000089400000|  0%| F|  |TAMS 0x0000000089300000| PB 0x0000000089300000| Untracked 
|  70|0x0000000089400000, 0x0000000089400000, 0x0000000089500000|  0%| F|  |TAMS 0x0000000089400000| PB 0x0000000089400000| Untracked 
|  71|0x0000000089500000, 0x0000000089500000, 0x0000000089600000|  0%| F|  |TAMS 0x0000000089500000| PB 0x0000000089500000| Untracked 
|  72|0x0000000089600000, 0x0000000089600000, 0x0000000089700000|  0%| F|  |TAMS 0x0000000089600000| PB 0x0000000089600000| Untracked 
|  73|0x0000000089700000, 0x0000000089700000, 0x0000000089800000|  0%| F|  |TAMS 0x0000000089700000| PB 0x0000000089700000| Untracked 
|  74|0x0000000089800000, 0x0000000089800000, 0x0000000089900000|  0%| F|  |TAMS 0x0000000089800000| PB 0x0000000089800000| Untracked 
|  75|0x0000000089900000, 0x0000000089900000, 0x0000000089a00000|  0%| F|  |TAMS 0x0000000089900000| PB 0x0000000089900000| Untracked 
|  76|0x0000000089a00000, 0x0000000089a00000, 0x0000000089b00000|  0%| F|  |TAMS 0x0000000089a00000| PB 0x0000000089a00000| Untracked 
|  77|0x0000000089b00000, 0x0000000089b00000, 0x0000000089c00000|  0%| F|  |TAMS 0x0000000089b00000| PB 0x0000000089b00000| Untracked 
|  78|0x0000000089c00000, 0x0000000089c00000, 0x0000000089d00000|  0%| F|  |TAMS 0x0000000089c00000| PB 0x0000000089c00000| Untracked 
|  79|0x0000000089d00000, 0x0000000089d00000, 0x0000000089e00000|  0%| F|  |TAMS 0x0000000089d00000| PB 0x0000000089d00000| Untracked 
|  80|0x0000000089e00000, 0x0000000089e00000, 0x0000000089f00000|  0%| F|  |TAMS 0x0000000089e00000| PB 0x0000000089e00000| Untracked 
|  81|0x0000000089f00000, 0x0000000089f00000, 0x000000008a000000|  0%| F|  |TAMS 0x0000000089f00000| PB 0x0000000089f00000| Untracked 
|  82|0x000000008a000000, 0x000000008a000000, 0x000000008a100000|  0%| F|  |TAMS 0x000000008a000000| PB 0x000000008a000000| Untracked 
|  83|0x000000008a100000, 0x000000008a100000, 0x000000008a200000|  0%| F|  |TAMS 0x000000008a100000| PB 0x000000008a100000| Untracked 
|  84|0x000000008a200000, 0x000000008a200000, 0x000000008a300000|  0%| F|  |TAMS 0x000000008a200000| PB 0x000000008a200000| Untracked 
|  85|0x000000008a300000, 0x000000008a300000, 0x000000008a400000|  0%| F|  |TAMS 0x000000008a300000| PB 0x000000008a300000| Untracked 
|  86|0x000000008a400000, 0x000000008a400000, 0x000000008a500000|  0%| F|  |TAMS 0x000000008a400000| PB 0x000000008a400000| Untracked 
|  87|0x000000008a500000, 0x000000008a500000, 0x000000008a600000|  0%| F|  |TAMS 0x000000008a500000| PB 0x000000008a500000| Untracked 
|  88|0x000000008a600000, 0x000000008a600000, 0x000000008a700000|  0%| F|  |TAMS 0x000000008a600000| PB 0x000000008a600000| Untracked 
|  89|0x000000008a700000, 0x000000008a700000, 0x000000008a800000|  0%| F|  |TAMS 0x000000008a700000| PB 0x000000008a700000| Untracked 
|  90|0x000000008a800000, 0x000000008a800000, 0x000000008a900000|  0%| F|  |TAMS 0x000000008a800000| PB 0x000000008a800000| Untracked 
|  91|0x000000008a900000, 0x000000008a900000, 0x000000008aa00000|  0%| F|  |TAMS 0x000000008a900000| PB 0x000000008a900000| Untracked 
|  92|0x000000008aa00000, 0x000000008aa00000, 0x000000008ab00000|  0%| F|  |TAMS 0x000000008aa00000| PB 0x000000008aa00000| Untracked 
|  93|0x000000008ab00000, 0x000000008ab00000, 0x000000008ac00000|  0%| F|  |TAMS 0x000000008ab00000| PB 0x000000008ab00000| Untracked 
|  94|0x000000008ac00000, 0x000000008ac00000, 0x000000008ad00000|  0%| F|  |TAMS 0x000000008ac00000| PB 0x000000008ac00000| Untracked 
|  95|0x000000008ad00000, 0x000000008ad00000, 0x000000008ae00000|  0%| F|  |TAMS 0x000000008ad00000| PB 0x000000008ad00000| Untracked 
|  96|0x000000008ae00000, 0x000000008ae00000, 0x000000008af00000|  0%| F|  |TAMS 0x000000008ae00000| PB 0x000000008ae00000| Untracked 
|  97|0x000000008af00000, 0x000000008af00000, 0x000000008b000000|  0%| F|  |TAMS 0x000000008af00000| PB 0x000000008af00000| Untracked 
|  98|0x000000008b000000, 0x000000008b100000, 0x000000008b100000|100%| S|CS|TAMS 0x000000008b000000| PB 0x000000008b000000| Complete 
|  99|0x000000008b100000, 0x000000008b200000, 0x000000008b200000|100%| S|CS|TAMS 0x000000008b100000| PB 0x000000008b100000| Complete 
| 100|0x000000008b200000, 0x000000008b300000, 0x000000008b300000|100%| S|CS|TAMS 0x000000008b200000| PB 0x000000008b200000| Complete 
| 101|0x000000008b300000, 0x000000008b300000, 0x000000008b400000|  0%| F|  |TAMS 0x000000008b300000| PB 0x000000008b300000| Untracked 
| 102|0x000000008b400000, 0x000000008b400000, 0x000000008b500000|  0%| F|  |TAMS 0x000000008b400000| PB 0x000000008b400000| Untracked 
| 103|0x000000008b500000, 0x000000008b500000, 0x000000008b600000|  0%| F|  |TAMS 0x000000008b500000| PB 0x000000008b500000| Untracked 
| 104|0x000000008b600000, 0x000000008b600000, 0x000000008b700000|  0%| F|  |TAMS 0x000000008b600000| PB 0x000000008b600000| Untracked 
| 105|0x000000008b700000, 0x000000008b700000, 0x000000008b800000|  0%| F|  |TAMS 0x000000008b700000| PB 0x000000008b700000| Untracked 
| 106|0x000000008b800000, 0x000000008b800000, 0x000000008b900000|  0%| F|  |TAMS 0x000000008b800000| PB 0x000000008b800000| Untracked 
| 107|0x000000008b900000, 0x000000008b900000, 0x000000008ba00000|  0%| F|  |TAMS 0x000000008b900000| PB 0x000000008b900000| Untracked 
| 108|0x000000008ba00000, 0x000000008ba00000, 0x000000008bb00000|  0%| F|  |TAMS 0x000000008ba00000| PB 0x000000008ba00000| Untracked 
| 109|0x000000008bb00000, 0x000000008bb00000, 0x000000008bc00000|  0%| F|  |TAMS 0x000000008bb00000| PB 0x000000008bb00000| Untracked 
| 110|0x000000008bc00000, 0x000000008bc00000, 0x000000008bd00000|  0%| F|  |TAMS 0x000000008bc00000| PB 0x000000008bc00000| Untracked 
| 111|0x000000008bd00000, 0x000000008bd00000, 0x000000008be00000|  0%| F|  |TAMS 0x000000008bd00000| PB 0x000000008bd00000| Untracked 
| 112|0x000000008be00000, 0x000000008be00000, 0x000000008bf00000|  0%| F|  |TAMS 0x000000008be00000| PB 0x000000008be00000| Untracked 
| 113|0x000000008bf00000, 0x000000008bf00000, 0x000000008c000000|  0%| F|  |TAMS 0x000000008bf00000| PB 0x000000008bf00000| Untracked 
| 114|0x000000008c000000, 0x000000008c000000, 0x000000008c100000|  0%| F|  |TAMS 0x000000008c000000| PB 0x000000008c000000| Untracked 
| 115|0x000000008c100000, 0x000000008c100000, 0x000000008c200000|  0%| F|  |TAMS 0x000000008c100000| PB 0x000000008c100000| Untracked 
| 116|0x000000008c200000, 0x000000008c200000, 0x000000008c300000|  0%| F|  |TAMS 0x000000008c200000| PB 0x000000008c200000| Untracked 
| 117|0x000000008c300000, 0x000000008c300000, 0x000000008c400000|  0%| F|  |TAMS 0x000000008c300000| PB 0x000000008c300000| Untracked 
| 118|0x000000008c400000, 0x000000008c400000, 0x000000008c500000|  0%| F|  |TAMS 0x000000008c400000| PB 0x000000008c400000| Untracked 
| 119|0x000000008c500000, 0x000000008c500000, 0x000000008c600000|  0%| F|  |TAMS 0x000000008c500000| PB 0x000000008c500000| Untracked 
| 120|0x000000008c600000, 0x000000008c600000, 0x000000008c700000|  0%| F|  |TAMS 0x000000008c600000| PB 0x000000008c600000| Untracked 
| 121|0x000000008c700000, 0x000000008c800000, 0x000000008c800000|100%| E|  |TAMS 0x000000008c700000| PB 0x000000008c700000| Complete 
| 122|0x000000008c800000, 0x000000008c900000, 0x000000008c900000|100%| E|CS|TAMS 0x000000008c800000| PB 0x000000008c800000| Complete 
| 123|0x000000008c900000, 0x000000008ca00000, 0x000000008ca00000|100%| E|CS|TAMS 0x000000008c900000| PB 0x000000008c900000| Complete 

Card table byte_map: [0x000001857c350000,0x000001857c730000] _byte_map_base: 0x000001857bf29000

Marking Bits: (CMBitMap*) 0x00000185690cf330
 Bits: [0x000001857c730000, 0x000001857e5f8000)

Polling page: 0x0000018566ea0000

Metaspace:

Usage:
  Non-class:      6.80 MB used.
      Class:    773.03 KB used.
       Both:      7.56 MB used.

Virtual space:
  Non-class space:       64.00 MB reserved,       6.88 MB ( 11%) committed,  1 nodes.
      Class space:        1.00 GB reserved,     896.00 KB ( <1%) committed,  1 nodes.
             Both:        1.06 GB reserved,       7.75 MB ( <1%) committed. 

Chunk freelists:
   Non-Class:  9.00 MB
       Class:  15.11 MB
        Both:  24.11 MB

MaxMetaspaceSize: unlimited
CompressedClassSpaceSize: 1.00 GB
Initial GC threshold: 21.00 MB
Current GC threshold: 21.00 MB
CDS: on
 - commit_granule_bytes: 65536.
 - commit_granule_words: 8192.
 - virtual_space_node_default_size: 8388608.
 - enlarge_chunks_in_place: 1.
 - use_allocation_guard: 0.


Internal statistics:

num_allocs_failed_limit: 0.
num_arena_births: 152.
num_arena_deaths: 0.
num_vsnodes_births: 2.
num_vsnodes_deaths: 0.
num_space_committed: 124.
num_space_uncommitted: 0.
num_chunks_returned_to_freelist: 0.
num_chunks_taken_from_freelist: 191.
num_chunk_merges: 0.
num_chunk_splits: 112.
num_chunks_enlarged: 43.
num_inconsistent_stats: 0.

CodeHeap 'non-profiled nmethods': size=120000Kb used=450Kb max_used=450Kb free=119549Kb
 bounds [0x00000185744e0000, 0x0000018574750000, 0x000001857ba10000]
CodeHeap 'profiled nmethods': size=120000Kb used=2600Kb max_used=2600Kb free=117399Kb
 bounds [0x000001856ca10000, 0x000001856cca0000, 0x0000018573f40000]
CodeHeap 'non-nmethods': size=5760Kb used=1544Kb max_used=1576Kb free=4215Kb
 bounds [0x0000018573f40000, 0x00000185741b0000, 0x00000185744e0000]
 total_blobs=2058 nmethods=1446 adapters=517
 compilation: enabled
              stopped_count=0, restarted_count=0
 full_count=0

Compilation events (20 events):
Event: 3.348 Thread 0x000001857f2b3c00 nmethod 1437 0x000001856cc8f310 code [0x000001856cc8f4c0, 0x000001856cc8f690]
Event: 3.358 Thread 0x000001857f2b3c00 1438       3       java.awt.Window::dispatchEventImpl (23 bytes)
Event: 3.359 Thread 0x000001857f2b3c00 nmethod 1438 0x000001856cc8f790 code [0x000001856cc8f9a0, 0x000001856cc900c0]
Event: 3.368 Thread 0x000001857f2b3c00 1439       3       sun.awt.windows.WComponentPeer::handleJavaMouseEvent (75 bytes)
Event: 3.370 Thread 0x000001857f2b3c00 nmethod 1439 0x000001856cc90290 code [0x000001856cc90560, 0x000001856cc91580]
Event: 3.461 Thread 0x000001857f2b3c00 1440       3       sun.awt.im.InputContext::dispatchEvent (173 bytes)
Event: 3.464 Thread 0x000001857f2b3c00 nmethod 1440 0x000001856cc91b10 code [0x000001856cc91f20, 0x000001856cc94578]
Event: 3.464 Thread 0x000001857f2b3c00 1441       3       java.awt.Container::getMouseEventTarget (12 bytes)
Event: 3.464 Thread 0x000001857f2b3c00 nmethod 1441 0x000001856cc94d10 code [0x000001856cc94ec0, 0x000001856cc95008]
Event: 3.464 Thread 0x000001857f2b3c00 1442       3       java.awt.LightweightDispatcher::trackMouseEnterExit (111 bytes)
Event: 3.465 Thread 0x000001857f2b3c00 nmethod 1442 0x000001856cc95090 code [0x000001856cc953a0, 0x000001856cc96690]
Event: 3.480 Thread 0x000001857f2aa150 1443   !   4       sun.awt.AppContext::get (123 bytes)
Event: 3.494 Thread 0x000001857f2aa150 nmethod 1443 0x000001857454f510 code [0x000001857454f720, 0x0000018574550388]
Event: 3.508 Thread 0x000001857f2b3c00 1444       3       java.awt.LightweightDispatcher::isMouseGrab (49 bytes)
Event: 3.509 Thread 0x000001857f2b3c00 nmethod 1444 0x000001856cc96c90 code [0x000001856cc96ea0, 0x000001856cc97648]
Event: 3.513 Thread 0x000001857f2b3c00 1445   !   3       sun.awt.AWTAutoShutdown::notifyThreadFree (74 bytes)
Event: 3.514 Thread 0x000001857f2b3c00 nmethod 1445 0x000001856cc97890 code [0x000001856cc97a80, 0x000001856cc97f88]
Event: 3.514 Thread 0x000001857f2b3c00 1446   !   3       java.util.concurrent.locks.AbstractQueuedSynchronizer$ConditionObject::await (185 bytes)
Event: 3.516 Thread 0x000001857f2b3c00 nmethod 1446 0x000001856cc98210 code [0x000001856cc985a0, 0x000001856cc99a30]
Event: 60.901 Thread 0x000001857f2b3c00 1447   !   3       java.util.concurrent.locks.AbstractQueuedSynchronizer::tryInitializeHead (66 bytes)

GC Heap History (2 events):
Event: 0.883 GC heap before
{Heap before GC invocations=0 (full 0):
 garbage-first heap   total 126976K, used 36864K [0x0000000084e00000, 0x0000000100000000)
  region size 1024K, 23 young (23552K), 0 survivors (0K)
 Metaspace       used 7205K, committed 7360K, reserved 1114112K
  class space    used 741K, committed 832K, reserved 1048576K
}
Event: 0.892 GC heap after
{Heap after GC invocations=1 (full 0):
 garbage-first heap   total 126976K, used 17120K [0x0000000084e00000, 0x0000000100000000)
  region size 1024K, 3 young (3072K), 3 survivors (3072K)
 Metaspace       used 7205K, committed 7360K, reserved 1114112K
  class space    used 741K, committed 832K, reserved 1048576K
}

Dll operation events (10 events):
Event: 0.012 Loaded shared library C:\Users\pauls\.p2\pool\plugins\org.eclipse.justj.openjdk.hotspot.jre.full.win32.x86_64_21.0.6.v20250130-0529\jre\bin\java.dll
Event: 0.049 Loaded shared library C:\Users\pauls\.p2\pool\plugins\org.eclipse.justj.openjdk.hotspot.jre.full.win32.x86_64_21.0.6.v20250130-0529\jre\bin\zip.dll
Event: 0.106 Loaded shared library C:\Users\pauls\.p2\pool\plugins\org.eclipse.justj.openjdk.hotspot.jre.full.win32.x86_64_21.0.6.v20250130-0529\jre\bin\jimage.dll
Event: 0.115 Loaded shared library C:\Users\pauls\.p2\pool\plugins\org.eclipse.justj.openjdk.hotspot.jre.full.win32.x86_64_21.0.6.v20250130-0529\jre\bin\net.dll
Event: 0.117 Loaded shared library C:\Users\pauls\.p2\pool\plugins\org.eclipse.justj.openjdk.hotspot.jre.full.win32.x86_64_21.0.6.v20250130-0529\jre\bin\nio.dll
Event: 0.121 Loaded shared library C:\Users\pauls\.p2\pool\plugins\org.eclipse.justj.openjdk.hotspot.jre.full.win32.x86_64_21.0.6.v20250130-0529\jre\bin\zip.dll
Event: 0.155 Loaded shared library C:\Users\pauls\.p2\pool\plugins\org.eclipse.justj.openjdk.hotspot.jre.full.win32.x86_64_21.0.6.v20250130-0529\jre\bin\awt.dll
Event: 0.478 Loaded shared library C:\Users\pauls\.p2\pool\plugins\org.eclipse.justj.openjdk.hotspot.jre.full.win32.x86_64_21.0.6.v20250130-0529\jre\bin\javajpeg.dll
Event: 0.598 Loaded shared library C:\Users\pauls\.p2\pool\plugins\org.eclipse.justj.openjdk.hotspot.jre.full.win32.x86_64_21.0.6.v20250130-0529\jre\bin\freetype.dll
Event: 0.598 Loaded shared library C:\Users\pauls\.p2\pool\plugins\org.eclipse.justj.openjdk.hotspot.jre.full.win32.x86_64_21.0.6.v20250130-0529\jre\bin\fontmanager.dll

Deoptimization events (20 events):
Event: 0.748 Thread 0x000001857f68deb0 DEOPT PACKING pc=0x0000018574524214 sp=0x00000074419fc840
Event: 0.748 Thread 0x000001857f68deb0 DEOPT UNPACKING pc=0x0000018573f946a2 sp=0x00000074419fc7c0 mode 2
Event: 0.858 Thread 0x000001857f68deb0 Uncommon trap: trap_request=0xffffff45 fr.pc=0x00000185744ed6d4 relative=0x00000000000000b4
Event: 0.858 Thread 0x000001857f68deb0 Uncommon trap: reason=unstable_if action=reinterpret pc=0x00000185744ed6d4 method=java.lang.String.hashCode()I @ 20 c2
Event: 0.858 Thread 0x000001857f68deb0 DEOPT PACKING pc=0x00000185744ed6d4 sp=0x00000074419fcf80
Event: 0.858 Thread 0x000001857f68deb0 DEOPT UNPACKING pc=0x0000018573f946a2 sp=0x00000074419fcf10 mode 2
Event: 0.858 Thread 0x000001857f68deb0 Uncommon trap: trap_request=0xffffff45 fr.pc=0x00000185745086b0 relative=0x0000000000000190
Event: 0.858 Thread 0x000001857f68deb0 Uncommon trap: reason=unstable_if action=reinterpret pc=0x00000185745086b0 method=jdk.internal.util.ArraysSupport.vectorizedHashCode(Ljava/lang/Object;IIII)I @ 2 c2
Event: 0.858 Thread 0x000001857f68deb0 DEOPT PACKING pc=0x00000185745086b0 sp=0x00000074419fce80
Event: 0.858 Thread 0x000001857f68deb0 DEOPT UNPACKING pc=0x0000018573f946a2 sp=0x00000074419fce30 mode 2
Event: 0.893 Thread 0x000001857f68deb0 Uncommon trap: trap_request=0xffffff45 fr.pc=0x0000018574532b80 relative=0x0000000000000420
Event: 0.893 Thread 0x000001857f68deb0 Uncommon trap: reason=unstable_if action=reinterpret pc=0x0000018574532b80 method=java.lang.Character.isSurrogate(C)Z @ 3 c2
Event: 0.893 Thread 0x000001857f68deb0 DEOPT PACKING pc=0x0000018574532b80 sp=0x00000074419fcb10
Event: 0.893 Thread 0x000001857f68deb0 DEOPT UNPACKING pc=0x0000018573f946a2 sp=0x00000074419fca28 mode 2
Event: 0.900 Thread 0x000001857f68deb0 Uncommon trap: trap_request=0xffffff45 fr.pc=0x0000018574527cbc relative=0x000000000000045c
Event: 0.900 Thread 0x000001857f68deb0 Uncommon trap: reason=unstable_if action=reinterpret pc=0x0000018574527cbc method=java.lang.StringLatin1.toLowerCase(Ljava/lang/String;[BLjava/util/Locale;)Ljava/lang/String; @ 43 c2
Event: 0.901 Thread 0x000001857f68deb0 DEOPT PACKING pc=0x0000018574527cbc sp=0x00000074419fd130
Event: 0.901 Thread 0x000001857f68deb0 DEOPT UNPACKING pc=0x0000018573f946a2 sp=0x00000074419fd0a0 mode 2
Event: 2.661 Thread 0x000001857f68deb0 DEOPT PACKING pc=0x000001856cb50eff sp=0x00000074419fd270
Event: 2.661 Thread 0x000001857f68deb0 DEOPT UNPACKING pc=0x0000018573f94e42 sp=0x00000074419fc740 mode 0

Classes loaded (20 events):
Event: 0.933 Loading class java/text/AttributedString$AttributedStringIterator
Event: 0.933 Loading class java/text/AttributedCharacterIterator
Event: 0.933 Loading class java/text/CharacterIterator
Event: 0.933 Loading class java/text/CharacterIterator done
Event: 0.933 Loading class java/text/AttributedCharacterIterator done
Event: 0.933 Loading class java/text/AttributedString$AttributedStringIterator done
Event: 0.934 Loading class java/awt/event/ContainerEvent
Event: 0.934 Loading class java/awt/event/ContainerEvent done
Event: 0.934 Loading class java/applet/Applet
Event: 0.934 Loading class java/awt/Panel
Event: 0.934 Loading class java/awt/Panel done
Event: 0.934 Loading class java/applet/Applet done
Event: 2.155 Loading class javax/swing/event/ChangeEvent
Event: 2.155 Loading class javax/swing/event/ChangeEvent done
Event: 3.530 Loading class java/awt/LightweightDispatcher$2
Event: 3.530 Loading class java/awt/LightweightDispatcher$2 done
Event: 8.614 Loading class java/awt/KeyboardFocusManager$2
Event: 8.614 Loading class java/awt/KeyboardFocusManager$2 done
Event: 8.614 Loading class sun/awt/SunToolkit$1
Event: 8.615 Loading class sun/awt/SunToolkit$1 done

Classes unloaded (0 events):
No events

Classes redefined (0 events):
No events

Internal exceptions (14 events):
Event: 0.137 Thread 0x0000018566c71480 Exception <a 'java/lang/ClassNotFoundException'{0x000000008c8eb158}: sun/awt/resources/spi/awtProvider> (0x000000008c8eb158) 
thrown [s\src\hotspot\share\classfile\systemDictionary.cpp, line 312]
Event: 0.174 Thread 0x0000018566c71480 Exception <a 'java/io/FileNotFoundException'{0x000000008c75bca8}> (0x000000008c75bca8) 
thrown [s\src\hotspot\share\prims\jni.cpp, line 520]
Event: 0.186 Thread 0x0000018566c71480 Exception <a 'java/io/FileNotFoundException'{0x000000008c7869d8}> (0x000000008c7869d8) 
thrown [s\src\hotspot\share\prims\jni.cpp, line 520]
Event: 0.336 Thread 0x0000018566c71480 Exception <a 'java/lang/NoSuchMethodError'{0x000000008c50f2c8}: 'void java.lang.invoke.DirectMethodHandle$Holder.invokeSpecial(java.lang.Object, java.lang.Object, java.lang.Object)'> (0x000000008c50f2c8) 
thrown [s\src\hotspot\share\interpreter\linkResolver.cpp, line 773]
Event: 0.347 Thread 0x0000018566c71480 Exception <a 'java/lang/NoSuchMethodError'{0x000000008c5358b8}: 'java.lang.Object java.lang.invoke.DirectMethodHandle$Holder.newInvokeSpecial(java.lang.Object, java.lang.Object, java.lang.Object, java.lang.Object, java.lang.Object)'> (0x000000008c5358b8) 
thrown [s\src\hotspot\share\interpreter\linkResolver.cpp, line 773]
Event: 0.355 Thread 0x0000018566c71480 Exception <a 'java/lang/NoSuchMethodError'{0x000000008c562310}: 'java.lang.Object java.lang.invoke.DirectMethodHandle$Holder.invokeStatic(java.lang.Object, int, java.lang.Object)'> (0x000000008c562310) 
thrown [s\src\hotspot\share\interpreter\linkResolver.cpp, line 773]
Event: 0.381 Thread 0x0000018566c71480 Exception <a 'java/lang/ClassNotFoundException'{0x000000008c404d78}: com/sun/swing/internal/plaf/metal/resources/spi/metalProvider> (0x000000008c404d78) 
thrown [s\src\hotspot\share\classfile\systemDictionary.cpp, line 312]
Event: 0.383 Thread 0x0000018566c71480 Exception <a 'java/lang/ClassNotFoundException'{0x000000008c408d28}: com/sun/swing/internal/plaf/basic/resources/spi/basicProvider> (0x000000008c408d28) 
thrown [s\src\hotspot\share\classfile\systemDictionary.cpp, line 312]
Event: 0.396 Thread 0x0000018566c71480 Exception <a 'java/lang/NoSuchMethodError'{0x000000008c428d00}: 'int java.lang.invoke.Invokers$Holder.invokeExact_MT(java.lang.Object, java.lang.Object)'> (0x000000008c428d00) 
thrown [s\src\hotspot\share\interpreter\linkResolver.cpp, line 773]
Event: 0.481 Thread 0x000001857f603300 Exception <a 'java/lang/NoSuchMethodError'{0x000000008c2273d8}: 'java.lang.Object java.lang.invoke.DirectMethodHandle$Holder.newInvokeSpecial(java.lang.Object, java.lang.Object, java.lang.Object, int, int, int, int, int)'> (0x000000008c2273d8) 
thrown [s\src\hotspot\share\interpreter\linkResolver.cpp, line 773]
Event: 0.563 Thread 0x000001857f5d18f0 Exception <a 'java/lang/NoSuchMethodError'{0x000000008c684c30}: 'void java.lang.invoke.DirectMethodHandle$Holder.invokeVirtual(java.lang.Object, java.lang.Object)'> (0x000000008c684c30) 
thrown [s\src\hotspot\share\interpreter\linkResolver.cpp, line 773]
Event: 0.593 Thread 0x0000018566c71480 Exception <a 'java/lang/NoSuchMethodError'{0x000000008c45a3b8}: 'void java.lang.invoke.DirectMethodHandle$Holder.invokeStaticInit(java.lang.Object)'> (0x000000008c45a3b8) 
thrown [s\src\hotspot\share\interpreter\linkResolver.cpp, line 773]
Event: 0.758 Thread 0x000001857f68deb0 Exception <a 'java/io/FileNotFoundException'{0x000000008b9350f0}> (0x000000008b9350f0) 
thrown [s\src\hotspot\share\prims\jni.cpp, line 520]
Event: 0.764 Thread 0x000001857f68deb0 Exception <a 'java/io/FileNotFoundException'{0x000000008b94c980}> (0x000000008b94c980) 
thrown [s\src\hotspot\share\prims\jni.cpp, line 520]

ZGC Phase Switch (0 events):
No events

VM Operations (20 events):
Event: 0.459 Executing VM operation: HandshakeAllThreads (Deoptimize)
Event: 0.459 Executing VM operation: HandshakeAllThreads (Deoptimize) done
Event: 0.510 Executing VM operation: HandshakeAllThreads (Deoptimize)
Event: 0.510 Executing VM operation: HandshakeAllThreads (Deoptimize) done
Event: 0.545 Executing VM operation: HandshakeAllThreads (Deoptimize)
Event: 0.545 Executing VM operation: HandshakeAllThreads (Deoptimize) done
Event: 0.883 Executing VM operation: G1CollectForAllocation (G1 Evacuation Pause)
Event: 0.892 Executing VM operation: G1CollectForAllocation (G1 Evacuation Pause) done
Event: 1.905 Executing VM operation: Cleanup
Event: 1.905 Executing VM operation: Cleanup done
Event: 2.918 Executing VM operation: Cleanup
Event: 2.918 Executing VM operation: Cleanup done
Event: 3.929 Executing VM operation: Cleanup
Event: 3.929 Executing VM operation: Cleanup done
Event: 8.984 Executing VM operation: Cleanup
Event: 8.984 Executing VM operation: Cleanup done
Event: 60.132 Executing VM operation: HandshakeAllThreads (HandshakeForDeflation)
Event: 60.132 Executing VM operation: HandshakeAllThreads (HandshakeForDeflation) done
Event: 60.132 Executing VM operation: RendezvousGCThreads
Event: 60.132 Executing VM operation: RendezvousGCThreads done

Memory protections (0 events):
No events

Nmethod flushes (0 events):
No events

Events (20 events):
Event: 0.051 Thread 0x0000018566c71480 Thread added: 0x000001857f265fb0
Event: 0.051 Thread 0x0000018566c71480 Thread added: 0x000001857f266a00
Event: 0.052 Thread 0x0000018566c71480 Thread added: 0x000001857f26edb0
Event: 0.052 Thread 0x0000018566c71480 Thread added: 0x000001857f26fbb0
Event: 0.052 Thread 0x0000018566c71480 Thread added: 0x000001857f271170
Event: 0.052 Thread 0x0000018566c71480 Thread added: 0x000001857f29e140
Event: 0.052 Thread 0x0000018566c71480 Thread added: 0x000001857f2aa150
Event: 0.052 Thread 0x0000018566c71480 Thread added: 0x000001857f2b3c00
Event: 0.076 Thread 0x0000018566c71480 Thread added: 0x000001857f3f7c20
Event: 0.080 Thread 0x0000018566c71480 Thread added: 0x000001857f3fc680
Event: 0.279 Thread 0x0000018566c71480 Thread added: 0x000001857f5c62a0
Event: 0.282 Thread 0x0000018566c71480 Thread added: 0x000001857f5d0280
Event: 0.284 Thread 0x0000018566c71480 Thread added: 0x000001857f5d18f0
Event: 0.404 Thread 0x0000018566c71480 Thread added: 0x000001857f603300
Event: 0.445 Thread 0x000001857f2b3c00 Thread added: 0x000001857f60fd60
Event: 0.562 Thread 0x000001857f5d18f0 Thread added: 0x000001857f68deb0
Event: 0.690 Thread 0x0000018566c71480 Thread exited: 0x0000018566c71480
Event: 0.690 Thread 0x0000018566c71480 Thread added: 0x0000018566c71480
Event: 1.347 Thread 0x000001857f60fd60 Thread exited: 0x000001857f60fd60
Event: 5.553 Thread 0x000001857f603300 Thread exited: 0x000001857f603300


Dynamic libraries:
0x00007ff7f3a50000 - 0x00007ff7f3a5e000 	C:\Users\pauls\.p2\pool\plugins\org.eclipse.justj.openjdk.hotspot.jre.full.win32.x86_64_21.0.6.v20250130-0529\jre\bin\javaw.exe
0x00007ff832c00000 - 0x00007ff832e60000 	C:\WINDOWS\SYSTEM32\ntdll.dll
0x00007ff8324d0000 - 0x00007ff832597000 	C:\WINDOWS\System32\KERNEL32.DLL
0x00007ff830480000 - 0x00007ff83084a000 	C:\WINDOWS\System32\KERNELBASE.dll
0x00007ff830050000 - 0x00007ff83019b000 	C:\WINDOWS\System32\ucrtbase.dll
0x00007ff81ca20000 - 0x00007ff81ca38000 	C:\Users\pauls\.p2\pool\plugins\org.eclipse.justj.openjdk.hotspot.jre.full.win32.x86_64_21.0.6.v20250130-0529\jre\bin\jli.dll
0x00007ff81ca40000 - 0x00007ff81ca5e000 	C:\Users\pauls\.p2\pool\plugins\org.eclipse.justj.openjdk.hotspot.jre.full.win32.x86_64_21.0.6.v20250130-0529\jre\bin\VCRUNTIME140.dll
0x00007ff831c00000 - 0x00007ff831dcc000 	C:\WINDOWS\System32\USER32.dll
0x00007ff813060000 - 0x00007ff8132f7000 	C:\WINDOWS\WinSxS\amd64_microsoft.windows.common-controls_6595b64144ccf1df_6.0.26100.3624_none_3e086962e3345f24\COMCTL32.dll
0x00007ff8309d0000 - 0x00007ff8309f7000 	C:\WINDOWS\System32\win32u.dll
0x00007ff830f50000 - 0x00007ff830f7a000 	C:\WINDOWS\System32\GDI32.dll
0x00007ff8323c0000 - 0x00007ff832469000 	C:\WINDOWS\System32\msvcrt.dll
0x00007ff82fde0000 - 0x00007ff82ff11000 	C:\WINDOWS\System32\gdi32full.dll
0x00007ff830260000 - 0x00007ff830303000 	C:\WINDOWS\System32\msvcp_win.dll
0x00007ff832aa0000 - 0x00007ff832acf000 	C:\WINDOWS\System32\IMM32.DLL
0x00007ff81ca10000 - 0x00007ff81ca1c000 	C:\Users\pauls\.p2\pool\plugins\org.eclipse.justj.openjdk.hotspot.jre.full.win32.x86_64_21.0.6.v20250130-0529\jre\bin\vcruntime140_1.dll
0x00007ff8187a0000 - 0x00007ff81882d000 	C:\Users\pauls\.p2\pool\plugins\org.eclipse.justj.openjdk.hotspot.jre.full.win32.x86_64_21.0.6.v20250130-0529\jre\bin\msvcp140.dll
0x00007fffe3c10000 - 0x00007fffe49a0000 	C:\Users\pauls\.p2\pool\plugins\org.eclipse.justj.openjdk.hotspot.jre.full.win32.x86_64_21.0.6.v20250130-0529\jre\bin\server\jvm.dll
0x00007ff830a10000 - 0x00007ff830ac2000 	C:\WINDOWS\System32\ADVAPI32.dll
0x00007ff8325a0000 - 0x00007ff832646000 	C:\WINDOWS\System32\sechost.dll
0x00007ff831ac0000 - 0x00007ff831bd6000 	C:\WINDOWS\System32\RPCRT4.dll
0x00007ff832a20000 - 0x00007ff832a94000 	C:\WINDOWS\System32\WS2_32.dll
0x00007ff82fc30000 - 0x00007ff82fc8e000 	C:\WINDOWS\SYSTEM32\POWRPROF.dll
0x00007ff819970000 - 0x00007ff81997b000 	C:\WINDOWS\SYSTEM32\VERSION.dll
0x00007ff82c640000 - 0x00007ff82c676000 	C:\WINDOWS\SYSTEM32\WINMM.dll
0x00007ff82fc00000 - 0x00007ff82fc14000 	C:\WINDOWS\SYSTEM32\UMPDC.dll
0x00007ff82ebf0000 - 0x00007ff82ec0a000 	C:\WINDOWS\SYSTEM32\kernel.appcore.dll
0x00007ff82c440000 - 0x00007ff82c44a000 	C:\Users\pauls\.p2\pool\plugins\org.eclipse.justj.openjdk.hotspot.jre.full.win32.x86_64_21.0.6.v20250130-0529\jre\bin\jimage.dll
0x00007ff82d4b0000 - 0x00007ff82d6f1000 	C:\WINDOWS\SYSTEM32\DBGHELP.DLL
0x00007ff830bc0000 - 0x00007ff830f42000 	C:\WINDOWS\System32\combase.dll
0x00007ff832ae0000 - 0x00007ff832bb6000 	C:\WINDOWS\System32\OLEAUT32.dll
0x00007ff811c60000 - 0x00007ff811c99000 	C:\WINDOWS\SYSTEM32\dbgcore.DLL
0x00007ff82ff20000 - 0x00007ff82ffb9000 	C:\WINDOWS\System32\bcryptPrimitives.dll
0x00007ff82c420000 - 0x00007ff82c43f000 	C:\Users\pauls\.p2\pool\plugins\org.eclipse.justj.openjdk.hotspot.jre.full.win32.x86_64_21.0.6.v20250130-0529\jre\bin\java.dll
0x00007ff830f80000 - 0x00007ff8316a9000 	C:\WINDOWS\System32\SHELL32.dll
0x00007ff830310000 - 0x00007ff830478000 	C:\WINDOWS\System32\wintypes.dll
0x00007ff82da50000 - 0x00007ff82e2a2000 	C:\WINDOWS\SYSTEM32\windows.storage.dll
0x00007ff830ad0000 - 0x00007ff830bbd000 	C:\WINDOWS\System32\SHCORE.dll
0x00007ff8319c0000 - 0x00007ff831a24000 	C:\WINDOWS\System32\shlwapi.dll
0x00007ff82fcf0000 - 0x00007ff82fd1f000 	C:\WINDOWS\SYSTEM32\profapi.dll
0x00007ff82a240000 - 0x00007ff82a258000 	C:\Users\pauls\.p2\pool\plugins\org.eclipse.justj.openjdk.hotspot.jre.full.win32.x86_64_21.0.6.v20250130-0529\jre\bin\zip.dll
0x00007ff82a550000 - 0x00007ff82a560000 	C:\Users\pauls\.p2\pool\plugins\org.eclipse.justj.openjdk.hotspot.jre.full.win32.x86_64_21.0.6.v20250130-0529\jre\bin\net.dll
0x00007ff826220000 - 0x00007ff82633d000 	C:\WINDOWS\SYSTEM32\WINHTTP.dll
0x00007ff82f110000 - 0x00007ff82f17a000 	C:\WINDOWS\system32\mswsock.dll
0x00007ff821580000 - 0x00007ff821596000 	C:\Users\pauls\.p2\pool\plugins\org.eclipse.justj.openjdk.hotspot.jre.full.win32.x86_64_21.0.6.v20250130-0529\jre\bin\nio.dll
0x00007fffeea70000 - 0x00007fffeebfe000 	C:\Users\pauls\.p2\pool\plugins\org.eclipse.justj.openjdk.hotspot.jre.full.win32.x86_64_21.0.6.v20250130-0529\jre\bin\awt.dll
0x00007ff82c5a0000 - 0x00007ff82c63c000 	C:\WINDOWS\SYSTEM32\apphelp.dll
0x00007ff82ceb0000 - 0x00007ff82cee6000 	C:\WINDOWS\system32\DWMAPI.DLL
0x00007ff82cb40000 - 0x00007ff82cbee000 	C:\WINDOWS\system32\uxtheme.dll
0x00007fffee8a0000 - 0x00007fffee9ac000 	C:\WINDOWS\system32\opengl32.dll
0x00007ff81c8a0000 - 0x00007ff81c8cd000 	C:\WINDOWS\SYSTEM32\GLU32.dll
0x00007ff82ce60000 - 0x00007ff82cea7000 	C:\WINDOWS\SYSTEM32\dxcore.dll
0x00007ff8316b0000 - 0x00007ff83180d000 	C:\WINDOWS\System32\MSCTF.dll
0x00007ff831820000 - 0x00007ff8319b6000 	C:\WINDOWS\System32\ole32.dll
0x00007ff818850000 - 0x00007ff81887e000 	C:\Users\pauls\.p2\pool\plugins\org.eclipse.justj.openjdk.hotspot.jre.full.win32.x86_64_21.0.6.v20250130-0529\jre\bin\javajpeg.dll
0x00007ff814140000 - 0x00007ff8141c7000 	C:\Users\pauls\.p2\pool\plugins\org.eclipse.justj.openjdk.hotspot.jre.full.win32.x86_64_21.0.6.v20250130-0529\jre\bin\freetype.dll
0x00007fffe3b30000 - 0x00007fffe3c0b000 	C:\Users\pauls\.p2\pool\plugins\org.eclipse.justj.openjdk.hotspot.jre.full.win32.x86_64_21.0.6.v20250130-0529\jre\bin\fontmanager.dll
0x00007ff81b9f0000 - 0x00007ff81bb39000 	C:\WINDOWS\SYSTEM32\textinputframework.dll
0x00007ff82c0f0000 - 0x00007ff82c216000 	C:\WINDOWS\SYSTEM32\CoreMessaging.dll
0x00007ff8291f0000 - 0x00007ff8294d3000 	C:\WINDOWS\SYSTEM32\CoreUIComponents.dll
0x00007ff82f3b0000 - 0x00007ff82f3bc000 	C:\WINDOWS\SYSTEM32\CRYPTBASE.DLL

dbghelp: loaded successfully - version: 4.0.5 - missing functions: none
symbol engine: initialized successfully - sym options: 0x614 - pdb path: .;C:\Users\pauls\.p2\pool\plugins\org.eclipse.justj.openjdk.hotspot.jre.full.win32.x86_64_21.0.6.v20250130-0529\jre\bin;C:\WINDOWS\SYSTEM32;C:\WINDOWS\WinSxS\amd64_microsoft.windows.common-controls_6595b64144ccf1df_6.0.26100.3624_none_3e086962e3345f24;C:\Users\pauls\.p2\pool\plugins\org.eclipse.justj.openjdk.hotspot.jre.full.win32.x86_64_21.0.6.v20250130-0529\jre\bin\server

VM Arguments:
jvm_args: -Dfile.encoding=UTF-8 -Dstdout.encoding=UTF-8 -Dstderr.encoding=UTF-8 -XX:+ShowCodeDetailsInExceptionMessages 
java_command: bank.management.system.Transaction
java_class_path (initial): C:\Users\pauls\eclipse-workspace\BankManagementSystem\bin;C:\Users\pauls\Downloads\jcalendar-tz-1.3.3-4.jar\jcalendar-tz-1.3.3-4.jar;C:\Users\pauls\Downloads\mysql-connector-j-8.3.0.jar
Launcher Type: SUN_STANDARD

[Global flags]
     intx CICompilerCount                          = 4                                         {product} {ergonomic}
     uint ConcGCThreads                            = 3                                         {product} {ergonomic}
     uint G1ConcRefinementThreads                  = 10                                        {product} {ergonomic}
   size_t G1HeapRegionSize                         = 1048576                                   {product} {ergonomic}
    uintx GCDrainStackTargetSize                   = 64                                        {product} {ergonomic}
   size_t InitialHeapSize                          = 130023424                                 {product} {ergonomic}
   size_t MarkStackSize                            = 4194304                                   {product} {ergonomic}
   size_t MaxHeapSize                              = 2065694720                                {product} {ergonomic}
   size_t MaxNewSize                               = 1239416832                                {product} {ergonomic}
   size_t MinHeapDeltaBytes                        = 1048576                                   {product} {ergonomic}
   size_t MinHeapSize                              = 8388608                                   {product} {ergonomic}
    uintx NonNMethodCodeHeapSize                   = 5839372                                {pd product} {ergonomic}
    uintx NonProfiledCodeHeapSize                  = 122909434                              {pd product} {ergonomic}
    uintx ProfiledCodeHeapSize                     = 122909434                              {pd product} {ergonomic}
    uintx ReservedCodeCacheSize                    = 251658240                              {pd product} {ergonomic}
     bool SegmentedCodeCache                       = true                                      {product} {ergonomic}
     bool ShowCodeDetailsInExceptionMessages       = true                                   {manageable} {command line}
   size_t SoftMaxHeapSize                          = 2065694720                             {manageable} {ergonomic}
     bool UseCompressedOops                        = true                           {product lp64_product} {ergonomic}
     bool UseG1GC                                  = true                                      {product} {ergonomic}
     bool UseLargePagesIndividualAllocation        = false                                  {pd product} {ergonomic}

Logging:
Log output configuration:
 #0: stdout all=warning uptime,level,tags foldmultilines=false
 #1: stderr all=off uptime,level,tags foldmultilines=false

Environment Variables:
PATH=C:/Users/pauls/.p2/pool/plugins/org.eclipse.justj.openjdk.hotspot.jre.full.win32.x86_64_21.0.6.v20250130-0529/jre/bin/server;C:/Users/pauls/.p2/pool/plugins/org.eclipse.justj.openjdk.hotspot.jre.full.win32.x86_64_21.0.6.v20250130-0529/jre/bin;C:\Program Files\Common Files\Oracle\Java\javapath;C:\WINDOWS\system32;C:\WINDOWS;C:\WINDOWS\System32\Wbem;C:\WINDOWS\System32\WindowsPowerShell\v1.0\;C:\WINDOWS\System32\OpenSSH\;C:\Program Files\dotnet\;C:\Program Files\MySQL\MySQL Server 8.0\bin;C:\Program Files\Git\cmd;C:\Program Files\nodejs\;C:\ProgramData\chocolatey\bin;C:\jdk-23\bin;C:\Program Files\MySQL\MySQL Shell 8.0\bin\;C:\Users\pauls\AppData\Local\Programs\Python\Python312\Scripts\;C:\Users\pauls\AppData\Local\Programs\Python\Python312\;C:\Users\pauls\AppData\Local\Microsoft\WindowsApps;C:\Users\pauls\AppData\Local\Programs\Microsoft VS Code\bin;C:\Users\pauls\AppData\Roaming\npm;C:\jdk-17\bin;C:\jdk-23\bin;;C:\Users\pauls\Desktop;
USERNAME=pauls
OS=Windows_NT
PROCESSOR_IDENTIFIER=Intel64 Family 6 Model 154 Stepping 4, GenuineIntel
TMP=C:\Users\pauls\AppData\Local\Temp
TEMP=C:\Users\pauls\AppData\Local\Temp




Periodic native trim disabled

---------------  S Y S T E M  ---------------

OS:
 Windows 11 , 64 bit Build 26100 (10.0.26100.3775)
OS uptime: 0 days 14:08 hours
Hyper-V role detected

CPU: total 12 (initial active 12) (6 cores per cpu, 2 threads per core) family 6 model 154 stepping 4 microcode 0x435, cx8, cmov, fxsr, ht, mmx, 3dnowpref, sse, sse2, sse3, ssse3, sse4.1, sse4.2, popcnt, lzcnt, tsc, tscinvbit, avx, avx2, aes, erms, clmul, bmi1, bmi2, adx, sha, fma, vzeroupper, clflush, clflushopt, clwb, hv, serialize, rdtscp, rdpid, fsrm, f16c, cet_ibt, cet_ss
Processor Information for the first 12 processors :
  Max Mhz: 1300, Current Mhz: 1300, Mhz Limit: 1300

Memory: 4k page, system-wide physical 7876M (1224M free)
TotalPageFile size 32452M (AvailPageFile size 0M)
current process WorkingSet (physical memory assigned to process): 104M, peak: 112M
current process commit charge ("private bytes"): 227M, peak: 235M

vm_info: OpenJDK 64-Bit Server VM (21.0.6+7-LTS) for windows-amd64 JRE (21.0.6+7-LTS), built on 2025-01-21T00:00:00Z by "admin" with MS VC++ 17.7 (VS2022)

END.
